Log file open, 07/17/19 11:01:03
LogWindows: Failed to load 'aqProf.dll' (GetLastError=126)
LogWindows: File 'aqProf.dll' does not exist
LogWindows: Failed to load 'VtuneApi.dll' (GetLastError=126)
LogWindows: File 'VtuneApi.dll' does not exist
LogWindows: Failed to load 'VtuneApi32e.dll' (GetLastError=126)
LogWindows: File 'VtuneApi32e.dll' does not exist
LogConsoleResponse: Display: Failed to find resolution value strings in scalability ini. Falling back to default.
LogInit: Display: Running engine for game: Project_SideScroller
LogPakFile: Registered encryption key '00000000000000000000000000000000': 0 pak files mounted, 0 remain pending
LogPlatformFile: Not using cached read wrapper
LogTaskGraph: Started task graph with 5 named threads and 23 total threads with 3 sets of task threads.
LogStats: Stats thread started at 0.268046
LogD3D11RHI: Loaded GFSDK_Aftermath_Lib.x64.dll
LogICUInternationalization: ICU TimeZone Detection - Raw Offset: +8:00, Platform Override: ''
LogPluginManager: Mounting plugin Paper2D
LogPluginManager: Mounting plugin AISupport
LogPluginManager: Mounting plugin LightPropagationVolume
LogPluginManager: Mounting plugin ActorLayerUtilities
LogPluginManager: Mounting plugin AnimationSharing
LogPluginManager: Mounting plugin CLionSourceCodeAccess
LogPluginManager: Mounting plugin CodeLiteSourceCodeAccess
LogPluginManager: Mounting plugin GitSourceControl
LogPluginManager: Mounting plugin KDevelopSourceCodeAccess
LogPluginManager: Mounting plugin NullSourceCodeAccess
LogPluginManager: Mounting plugin PerforceSourceControl
LogPluginManager: Mounting plugin SubversionSourceControl
LogPluginManager: Mounting plugin UObjectPlugin
LogPluginManager: Mounting plugin VisualStudioCodeSourceCodeAccess
LogPluginManager: Mounting plugin VisualStudioSourceCodeAccess
LogPluginManager: Mounting plugin XCodeSourceCodeAccess
LogPluginManager: Mounting plugin AssetManagerEditor
LogPluginManager: Mounting plugin CryptoKeys
LogPluginManager: Mounting plugin DataValidation
LogPluginManager: Mounting plugin FacialAnimation
LogPluginManager: Mounting plugin GameplayTagsEditor
LogPluginManager: Mounting plugin MacGraphicsSwitching
LogPluginManager: Mounting plugin MaterialAnalyzer
LogPluginManager: Mounting plugin MobileLauncherProfileWizard
LogPluginManager: Mounting plugin PluginBrowser
LogPluginManager: Mounting plugin SpeedTreeImporter
LogPluginManager: Mounting plugin DatasmithContent
LogPluginManager: Mounting plugin VariantManagerContent
LogPluginManager: Mounting plugin AlembicImporter
LogPluginManager: Mounting plugin AppleImageUtils
LogPluginManager: Mounting plugin AppleVision
LogPluginManager: Mounting plugin BackChannel
LogPluginManager: Mounting plugin CharacterAI
LogPluginManager: Mounting plugin GeometryCache
LogPluginManager: Mounting plugin HTML5Networking
LogPluginManager: Mounting plugin ProxyLODPlugin
LogPluginManager: Mounting plugin SkeletalReduction
LogPluginManager: Mounting plugin MagicLeap
LogPluginManager: Mounting plugin MagicLeapMedia
LogPluginManager: Mounting plugin AndroidMedia
LogPluginManager: Mounting plugin AvfMedia
LogPluginManager: Mounting plugin ImgMedia
LogPluginManager: Mounting plugin LinearTimecode
LogPluginManager: Mounting plugin MediaCompositing
LogPluginManager: Mounting plugin MediaPlayerEditor
LogPluginManager: Mounting plugin WebMMedia
LogPluginManager: Mounting plugin WmfMedia
LogPluginManager: Mounting plugin TcpMessaging
LogPluginManager: Mounting plugin UdpMessaging
LogPluginManager: Mounting plugin ActorSequence
LogPluginManager: Mounting plugin LevelSequenceEditor
LogPluginManager: Mounting plugin MatineeToLevelSequence
LogPluginManager: Mounting plugin NetcodeUnitTest
LogPluginManager: Mounting plugin NUTUnrealEngine4
LogPluginManager: Mounting plugin OnlineSubsystemGooglePlay
LogPluginManager: Mounting plugin OnlineSubsystemIOS
LogPluginManager: Mounting plugin OnlineSubsystem
LogPluginManager: Mounting plugin OnlineSubsystemNull
LogPluginManager: Mounting plugin OnlineSubsystemUtils
LogPluginManager: Mounting plugin LauncherChunkInstaller
LogPluginManager: Mounting plugin AndroidDeviceProfileSelector
LogPluginManager: Mounting plugin AndroidMoviePlayer
LogPluginManager: Mounting plugin AndroidPermission
LogPluginManager: Mounting plugin AppleMoviePlayer
LogPluginManager: Mounting plugin ArchVisCharacter
LogPluginManager: Mounting plugin AudioCapture
LogPluginManager: Mounting plugin CableComponent
LogPluginManager: Mounting plugin CustomMeshComponent
LogPluginManager: Mounting plugin EditableMesh
LogPluginManager: Mounting plugin ExampleDeviceProfileSelector
LogPluginManager: Mounting plugin Firebase
LogPluginManager: Mounting plugin GoogleCloudMessaging
LogPluginManager: Mounting plugin IOSDeviceProfileSelector
LogPluginManager: Mounting plugin LinuxDeviceProfileSelector
LogPluginManager: Mounting plugin LocationServicesBPLibrary
LogPluginManager: Mounting plugin MobilePatchingUtils
LogPluginManager: Mounting plugin OculusVR
LogPluginManager: Mounting plugin PhysXVehicles
LogPluginManager: Mounting plugin ProceduralMeshComponent
LogPluginManager: Mounting plugin RuntimePhysXCooking
LogPluginManager: Mounting plugin SignificanceManager
LogPluginManager: Mounting plugin SteamVR
LogPluginManager: Mounting plugin WebMMoviePlayer
LogPluginManager: Mounting plugin WindowsMoviePlayer
LogInit: Using libcurl 7.55.1-DEV
LogInit:  - built for x86_64-pc-win32
LogInit:  - supports SSL with OpenSSL/1.1.1
LogInit:  - supports HTTP deflate (compression) using libz 1.2.8
LogInit:  - other features:
LogInit:      CURL_VERSION_SSL
LogInit:      CURL_VERSION_LIBZ
LogInit:      CURL_VERSION_IPV6
LogInit:      CURL_VERSION_ASYNCHDNS
LogInit:      CURL_VERSION_LARGEFILE
LogInit:      CURL_VERSION_IDN
LogInit:  CurlRequestOptions (configurable via config and command line):
LogInit:  - bVerifyPeer = true  - Libcurl will verify peer certificate
LogInit:  - bUseHttpProxy = false  - Libcurl will NOT use HTTP proxy
LogInit:  - bDontReuseConnections = false  - Libcurl will reuse connections
LogInit:  - MaxHostConnections = 16  - Libcurl will limit the number of connections to a host
LogInit:  - LocalHostAddr = Default
LogInit:  - BufferSize = 65536
LogInit: WinSock: version 1.1 (2.2), MaxSocks=32767, MaxUdp=65467
LogInit: Build: ++UE4+Release-4.22-CL-7053642
LogInit: Engine Version: 4.22.3-7053642+++UE4+Release-4.22
LogInit: Compatible Engine Version: 4.22.0-5660361+++UE4+Release-4.22
LogInit: Net CL: 5660361
LogInit: OS: Windows 10 (Release 1809) (), CPU: Intel(R) Core(TM) i7-7700 CPU @ 3.60GHz, GPU: NVIDIA GeForce GTX 1060 6GB
LogInit: Compiled (64-bit): Jun 18 2019 03:09:11
LogInit: Compiled with Visual C++: 19.16.27025.01
LogInit: Build Configuration: Development
LogInit: Branch Name: ++UE4+Release-4.22
LogInit: Command Line:  -EpicPortal -epicusername=BigHead_X -epicuserid=541cb503a889454c8792fc5a65bcee06 -epiclocale=zh-CN
LogInit: Base Directory: D:/UE_4.22/Engine/Binaries/Win64/
LogInit: Installed Engine Build: 1
LogDevObjectVersion: Number of dev versions registered: 23
LogDevObjectVersion:   Dev-Blueprints (B0D832E4-1F89-4F0D-ACCF-7EB736FD4AA2): 10
LogDevObjectVersion:   Dev-Build (E1C64328-A22C-4D53-A36C-8E866417BD8C): 0
LogDevObjectVersion:   Dev-Core (375EC13C-06E4-48FB-B500-84F0262A717E): 3
LogDevObjectVersion:   Dev-Editor (E4B068ED-F494-42E9-A231-DA0B2E46BB41): 30
LogDevObjectVersion:   Dev-Framework (CFFC743F-43B0-4480-9391-14DF171D2073): 35
LogDevObjectVersion:   Dev-Mobile (B02B49B5-BB20-44E9-A304-32B752E40360): 2
LogDevObjectVersion:   Dev-Networking (A4E4105C-59A1-49B5-A7C5-40C4547EDFEE): 0
LogDevObjectVersion:   Dev-Online (39C831C9-5AE6-47DC-9A44-9C173E1C8E7C): 0
LogDevObjectVersion:   Dev-Physics (78F01B33-EBEA-4F98-B9B4-84EACCB95AA2): 0
LogDevObjectVersion:   Dev-Platform (6631380F-2D4D-43E0-8009-CF276956A95A): 0
LogDevObjectVersion:   Dev-Rendering (12F88B9F-8875-4AFC-A67C-D90C383ABD29): 28
LogDevObjectVersion:   Dev-Sequencer (7B5AE74C-D270-4C10-A958-57980B212A5A): 11
LogDevObjectVersion:   Dev-VR (D7296918-1DD6-4BDD-9DE2-64A83CC13884): 2
LogDevObjectVersion:   Dev-LoadTimes (C2A15278-BFE7-4AFE-6C17-90FF531DF755): 1
LogDevObjectVersion:   Private-Geometry (6EACA3D4-40EC-4CC1-B786-8BED09428FC5): 3
LogDevObjectVersion:   Dev-AnimPhys (29E575DD-E0A3-4627-9D10-D276232CDCEA): 17
LogDevObjectVersion:   Dev-Anim (AF43A65D-7FD3-4947-9873-3E8ED9C1BB05): 2
LogDevObjectVersion:   Dev-ReflectionCapture (6B266CEC-1EC7-4B8F-A30B-E4D90942FC07): 1
LogDevObjectVersion:   Dev-Automation (0DF73D61-A23F-47EA-B727-89E90C41499A): 1
LogDevObjectVersion:   FortniteMain (601D1886-AC64-4F84-AA16-D3DE0DEAC7D6): 25
LogDevObjectVersion:   Dev-Enterprise (9DFFBCD6-494F-0158-E221-12823C92A888): 6
LogDevObjectVersion:   Dev-Niagara (F2AED0AC-9AFE-416F-8664-AA7FFA26D6FC): 1
LogDevObjectVersion:   Dev-Destruction (174F1F0B-B4C6-45A5-B13F-2EE8D0FB917D): 2
LogInit: Presizing for max 16777216 objects, including 0 objects not considered by GC, pre-allocating 0 bytes for permanent pool.
LogInit: Object subsystem initialized
LogConfig: Setting CVar [[con.DebugEarlyDefault:1]]
LogConfig: Setting CVar [[r.setres:1280x720]]
[2019.07.17-03.01.04:251][  0]LogConfig: Setting CVar [[r.VSync:0]]
[2019.07.17-03.01.04:251][  0]LogConfig: Setting CVar [[r.RHICmdBypass:0]]
[2019.07.17-03.01.04:251][  0]LogConfig: Applying CVar settings from Section [/Script/Engine.RendererSettings] File [D:/Project_SideScroller/Saved/Config/Windows/Engine.ini]
[2019.07.17-03.01.04:251][  0]LogConfig: Setting CVar [[r.GPUCrashDebugging:0]]
[2019.07.17-03.01.04:251][  0]LogConfig: Applying CVar settings from Section [/Script/Engine.RendererOverrideSettings] File [D:/Project_SideScroller/Saved/Config/Windows/Engine.ini]
[2019.07.17-03.01.04:251][  0]LogConfig: Applying CVar settings from Section [/Script/Engine.StreamingSettings] File [D:/Project_SideScroller/Saved/Config/Windows/Engine.ini]
[2019.07.17-03.01.04:251][  0]LogConfig: Setting CVar [[s.MinBulkDataSizeForAsyncLoading:131072]]
[2019.07.17-03.01.04:251][  0]LogConfig: Setting CVar [[s.AsyncLoadingThreadEnabled:0]]
[2019.07.17-03.01.04:251][  0]LogConfig: Setting CVar [[s.EventDrivenLoaderEnabled:1]]
[2019.07.17-03.01.04:251][  0]LogConfig: Setting CVar [[s.WarnIfTimeLimitExceeded:0]]
[2019.07.17-03.01.04:251][  0]LogConfig: Setting CVar [[s.TimeLimitExceededMultiplier:1.5]]
[2019.07.17-03.01.04:251][  0]LogConfig: Setting CVar [[s.TimeLimitExceededMinTime:0.005]]
[2019.07.17-03.01.04:251][  0]LogConfig: Setting CVar [[s.UseBackgroundLevelStreaming:1]]
[2019.07.17-03.01.04:251][  0]LogConfig: Setting CVar [[s.PriorityAsyncLoadingExtraTime:15.0]]
[2019.07.17-03.01.04:251][  0]LogConfig: Setting CVar [[s.LevelStreamingActorsUpdateTimeLimit:5.0]]
[2019.07.17-03.01.04:251][  0]LogConfig: Setting CVar [[s.PriorityLevelStreamingActorsUpdateExtraTime:5.0]]
[2019.07.17-03.01.04:251][  0]LogConfig: Setting CVar [[s.LevelStreamingComponentsRegistrationGranularity:10]]
[2019.07.17-03.01.04:251][  0]LogConfig: Setting CVar [[s.UnregisterComponentsTimeLimit:1.0]]
[2019.07.17-03.01.04:251][  0]LogConfig: Setting CVar [[s.LevelStreamingComponentsUnregistrationGranularity:5]]
[2019.07.17-03.01.04:251][  0]LogConfig: Applying CVar settings from Section [/Script/Engine.GarbageCollectionSettings] File [D:/Project_SideScroller/Saved/Config/Windows/Engine.ini]
[2019.07.17-03.01.04:251][  0]LogConfig: Setting CVar [[gc.MaxObjectsNotConsideredByGC:1]]
[2019.07.17-03.01.04:251][  0]LogConfig: Setting CVar [[gc.SizeOfPermanentObjectPool:0]]
[2019.07.17-03.01.04:251][  0]LogConfig: Setting CVar [[gc.FlushStreamingOnGC:0]]
[2019.07.17-03.01.04:251][  0]LogConfig: Setting CVar [[gc.NumRetriesBeforeForcingGC:10]]
[2019.07.17-03.01.04:251][  0]LogConfig: Setting CVar [[gc.AllowParallelGC:1]]
[2019.07.17-03.01.04:251][  0]LogConfig: Setting CVar [[gc.TimeBetweenPurgingPendingKillObjects:61.1]]
[2019.07.17-03.01.04:251][  0]LogConfig: Setting CVar [[gc.MaxObjectsInEditor:16777216]]
[2019.07.17-03.01.04:251][  0]LogConfig: Setting CVar [[gc.IncrementalBeginDestroyEnabled:1]]
[2019.07.17-03.01.04:251][  0]LogConfig: Setting CVar [[gc.CreateGCClusters:1]]
[2019.07.17-03.01.04:251][  0]LogConfig: Setting CVar [[gc.MinGCClusterSize:5]]
[2019.07.17-03.01.04:251][  0]LogConfig: Setting CVar [[gc.ActorClusteringEnabled:0]]
[2019.07.17-03.01.04:251][  0]LogConfig: Setting CVar [[gc.BlueprintClusteringEnabled:0]]
[2019.07.17-03.01.04:251][  0]LogConfig: Setting CVar [[gc.UseDisregardForGCOnDedicatedServers:0]]
[2019.07.17-03.01.04:251][  0]LogConfig: Applying CVar settings from Section [/Script/Engine.NetworkSettings] File [D:/Project_SideScroller/Saved/Config/Windows/Engine.ini]
[2019.07.17-03.01.04:251][  0]LogConfig: Applying CVar settings from Section [/Script/UnrealEd.CookerSettings] File [D:/Project_SideScroller/Saved/Config/Windows/Engine.ini]
[2019.07.17-03.01.04:257][  0]LogConfig: Applying CVar settings from Section [ViewDistanceQuality@3] File [D:/Project_SideScroller/Saved/Config/Windows/Scalability.ini]
[2019.07.17-03.01.04:258][  0]LogConfig: Setting CVar [[r.SkeletalMeshLODBias:0]]
[2019.07.17-03.01.04:258][  0]LogConfig: Setting CVar [[r.ViewDistanceScale:1.0]]
[2019.07.17-03.01.04:258][  0]LogConfig: Applying CVar settings from Section [AntiAliasingQuality@3] File [D:/Project_SideScroller/Saved/Config/Windows/Scalability.ini]
[2019.07.17-03.01.04:258][  0]LogConfig: Setting CVar [[r.PostProcessAAQuality:4]]
[2019.07.17-03.01.04:258][  0]LogConfig: Applying CVar settings from Section [ShadowQuality@3] File [D:/Project_SideScroller/Saved/Config/Windows/Scalability.ini]
[2019.07.17-03.01.04:258][  0]LogConfig: Setting CVar [[r.LightFunctionQuality:1]]
[2019.07.17-03.01.04:258][  0]LogConfig: Setting CVar [[r.ShadowQuality:5]]
[2019.07.17-03.01.04:258][  0]LogConfig: Setting CVar [[r.Shadow.CSM.MaxCascades:10]]
[2019.07.17-03.01.04:258][  0]LogConfig: Setting CVar [[r.Shadow.MaxResolution:2048]]
[2019.07.17-03.01.04:258][  0]LogConfig: Setting CVar [[r.Shadow.MaxCSMResolution:2048]]
[2019.07.17-03.01.04:258][  0]LogConfig: Setting CVar [[r.Shadow.RadiusThreshold:0.01]]
[2019.07.17-03.01.04:258][  0]LogConfig: Setting CVar [[r.Shadow.DistanceScale:1.0]]
[2019.07.17-03.01.04:258][  0]LogConfig: Setting CVar [[r.Shadow.CSM.TransitionScale:1.0]]
[2019.07.17-03.01.04:258][  0]LogConfig: Setting CVar [[r.Shadow.PreShadowResolutionFactor:1.0]]
[2019.07.17-03.01.04:258][  0]LogConfig: Setting CVar [[r.DistanceFieldShadowing:1]]
[2019.07.17-03.01.04:258][  0]LogConfig: Setting CVar [[r.DistanceFieldAO:1]]
[2019.07.17-03.01.04:258][  0]LogConfig: Setting CVar [[r.AOQuality:2]]
[2019.07.17-03.01.04:258][  0]LogConfig: Setting CVar [[r.VolumetricFog:1]]
[2019.07.17-03.01.04:258][  0]LogConfig: Setting CVar [[r.VolumetricFog.GridPixelSize:8]]
[2019.07.17-03.01.04:258][  0]LogConfig: Setting CVar [[r.VolumetricFog.GridSizeZ:128]]
[2019.07.17-03.01.04:258][  0]LogConfig: Setting CVar [[r.VolumetricFog.HistoryMissSupersampleCount:4]]
[2019.07.17-03.01.04:258][  0]LogConfig: Setting CVar [[r.LightMaxDrawDistanceScale:1]]
[2019.07.17-03.01.04:258][  0]LogConfig: Setting CVar [[r.CapsuleShadows:1]]
[2019.07.17-03.01.04:258][  0]LogConfig: Applying CVar settings from Section [PostProcessQuality@3] File [D:/Project_SideScroller/Saved/Config/Windows/Scalability.ini]
[2019.07.17-03.01.04:258][  0]LogConfig: Setting CVar [[r.MotionBlurQuality:4]]
[2019.07.17-03.01.04:258][  0]LogConfig: Setting CVar [[r.AmbientOcclusionMipLevelFactor:0.4]]
[2019.07.17-03.01.04:258][  0]LogConfig: Setting CVar [[r.AmbientOcclusionMaxQuality:100]]
[2019.07.17-03.01.04:258][  0]LogConfig: Setting CVar [[r.AmbientOcclusionLevels:-1]]
[2019.07.17-03.01.04:258][  0]LogConfig: Setting CVar [[r.AmbientOcclusionRadiusScale:1.0]]
[2019.07.17-03.01.04:258][  0]LogConfig: Setting CVar [[r.DepthOfFieldQuality:2]]
[2019.07.17-03.01.04:258][  0]LogConfig: Setting CVar [[r.RenderTargetPoolMin:400]]
[2019.07.17-03.01.04:258][  0]LogConfig: Setting CVar [[r.LensFlareQuality:2]]
[2019.07.17-03.01.04:258][  0]LogConfig: Setting CVar [[r.SceneColorFringeQuality:1]]
[2019.07.17-03.01.04:258][  0]LogConfig: Setting CVar [[r.EyeAdaptationQuality:2]]
[2019.07.17-03.01.04:258][  0]LogConfig: Setting CVar [[r.BloomQuality:5]]
[2019.07.17-03.01.04:258][  0]LogConfig: Setting CVar [[r.FastBlurThreshold:100]]
[2019.07.17-03.01.04:258][  0]LogConfig: Setting CVar [[r.Upscale.Quality:3]]
[2019.07.17-03.01.04:258][  0]LogConfig: Setting CVar [[r.Tonemapper.GrainQuantization:1]]
[2019.07.17-03.01.04:258][  0]LogConfig: Setting CVar [[r.LightShaftQuality:1]]
[2019.07.17-03.01.04:258][  0]LogConfig: Setting CVar [[r.Filter.SizeScale:1]]
[2019.07.17-03.01.04:258][  0]LogConfig: Setting CVar [[r.Tonemapper.Quality:5]]
[2019.07.17-03.01.04:258][  0]LogConfig: Setting CVar [[r.DOF.Gather.AccumulatorQuality:1        ; higher gathering accumulator quality]]
[2019.07.17-03.01.04:258][  0]LogConfig: Setting CVar [[r.DOF.Gather.PostfilterMethod:1          ; Median3x3 postfilering method]]
[2019.07.17-03.01.04:258][  0]LogConfig: Setting CVar [[r.DOF.Gather.EnableBokehSettings:0       ; no bokeh simulation when gathering]]
[2019.07.17-03.01.04:258][  0]LogConfig: Setting CVar [[r.DOF.Gather.RingCount:4                 ; medium number of samples when gathering]]
[2019.07.17-03.01.04:258][  0]LogConfig: Setting CVar [[r.DOF.Scatter.ForegroundCompositing:1    ; additive foreground scattering]]
[2019.07.17-03.01.04:259][  0]LogConfig: Setting CVar [[r.DOF.Scatter.BackgroundCompositing:2    ; additive background scattering]]
[2019.07.17-03.01.04:259][  0]LogConfig: Setting CVar [[r.DOF.Scatter.EnableBokehSettings:1      ; bokeh simulation when scattering]]
[2019.07.17-03.01.04:259][  0]LogConfig: Setting CVar [[r.DOF.Scatter.MaxSpriteRatio:0.1         ; only a maximum of 10% of scattered bokeh]]
[2019.07.17-03.01.04:259][  0]LogConfig: Setting CVar [[r.DOF.Recombine.Quality:1                ; cheap slight out of focus]]
[2019.07.17-03.01.04:259][  0]LogConfig: Setting CVar [[r.DOF.Recombine.EnableBokehSettings:0    ; no bokeh simulation on slight out of focus]]
[2019.07.17-03.01.04:259][  0]LogConfig: Setting CVar [[r.DOF.TemporalAAQuality:1                ; more stable temporal accumulation]]
[2019.07.17-03.01.04:259][  0]LogConfig: Setting CVar [[r.DOF.Kernel.MaxForegroundRadius:0.025]]
[2019.07.17-03.01.04:259][  0]LogConfig: Setting CVar [[r.DOF.Kernel.MaxBackgroundRadius:0.025]]
[2019.07.17-03.01.04:259][  0]LogConfig: Applying CVar settings from Section [TextureQuality@3] File [D:/Project_SideScroller/Saved/Config/Windows/Scalability.ini]
[2019.07.17-03.01.04:259][  0]LogConfig: Setting CVar [[r.Streaming.MipBias:0]]
[2019.07.17-03.01.04:259][  0]LogConfig: Setting CVar [[r.Streaming.AmortizeCPUToGPUCopy:0]]
[2019.07.17-03.01.04:259][  0]LogConfig: Setting CVar [[r.Streaming.MaxNumTexturesToStreamPerFrame:0]]
[2019.07.17-03.01.04:259][  0]LogConfig: Setting CVar [[r.Streaming.Boost:1]]
[2019.07.17-03.01.04:259][  0]LogConfig: Setting CVar [[r.MaxAnisotropy:8]]
[2019.07.17-03.01.04:259][  0]LogConfig: Setting CVar [[r.Streaming.LimitPoolSizeToVRAM:0]]
[2019.07.17-03.01.04:259][  0]LogConfig: Setting CVar [[r.Streaming.PoolSize:1000]]
[2019.07.17-03.01.04:259][  0]LogConfig: Setting CVar [[r.Streaming.MaxEffectiveScreenSize:0]]
[2019.07.17-03.01.04:259][  0]LogConfig: Applying CVar settings from Section [EffectsQuality@3] File [D:/Project_SideScroller/Saved/Config/Windows/Scalability.ini]
[2019.07.17-03.01.04:259][  0]LogConfig: Setting CVar [[r.TranslucencyLightingVolumeDim:64]]
[2019.07.17-03.01.04:259][  0]LogConfig: Setting CVar [[r.RefractionQuality:2]]
[2019.07.17-03.01.04:259][  0]LogConfig: Setting CVar [[r.SSR.Quality:3]]
[2019.07.17-03.01.04:259][  0]LogConfig: Setting CVar [[r.SceneColorFormat:4]]
[2019.07.17-03.01.04:259][  0]LogConfig: Setting CVar [[r.DetailMode:2]]
[2019.07.17-03.01.04:259][  0]LogConfig: Setting CVar [[r.TranslucencyVolumeBlur:1]]
[2019.07.17-03.01.04:259][  0]LogConfig: Setting CVar [[r.MaterialQualityLevel:1 ; High quality]]
[2019.07.17-03.01.04:259][  0]LogConfig: Setting CVar [[r.SSS.Scale:1]]
[2019.07.17-03.01.04:259][  0]LogConfig: Setting CVar [[r.SSS.SampleSet:2]]
[2019.07.17-03.01.04:259][  0]LogConfig: Setting CVar [[r.SSS.Quality:1]]
[2019.07.17-03.01.04:259][  0]LogConfig: Setting CVar [[r.SSS.HalfRes:1]]
[2019.07.17-03.01.04:259][  0]LogConfig: Setting CVar [[r.EmitterSpawnRateScale:1.0]]
[2019.07.17-03.01.04:259][  0]LogConfig: Setting CVar [[r.ParticleLightQuality:2]]
[2019.07.17-03.01.04:259][  0]LogConfig: Applying CVar settings from Section [FoliageQuality@3] File [D:/Project_SideScroller/Saved/Config/Windows/Scalability.ini]
[2019.07.17-03.01.04:259][  0]LogConfig: Setting CVar [[foliage.DensityScale:1.0]]
[2019.07.17-03.01.04:259][  0]LogConfig: Setting CVar [[grass.DensityScale:1.0]]
[2019.07.17-03.01.04:259][  0]LogInit: Selected Device Profile: [Windows]
[2019.07.17-03.01.04:259][  0]LogInit: Applying CVar settings loaded from the selected device profile: [Windows]
[2019.07.17-03.01.04:305][  0]LogHAL: Display: Platform has ~ 16 GB [17066397696 / 17179869184 / 16], which maps to Larger [LargestMinGB=32, LargerMinGB=12, DefaultMinGB=8, SmallerMinGB=6, SmallestMinGB=0)
[2019.07.17-03.01.04:306][  0]LogConfig: Setting CVar [[r.Vulkan.UseRealUBs:0		; Required until we fix HLR fall-out]]
[2019.07.17-03.01.04:306][  0]LogInit: Going up to parent DeviceProfile []
[2019.07.17-03.01.04:306][  0]LogConfig: Applying CVar settings from Section [ViewDistanceQuality@3] File [D:/Project_SideScroller/Saved/Config/Windows/Scalability.ini]
[2019.07.17-03.01.04:306][  0]LogConfig: Setting CVar [[r.SkeletalMeshLODBias:0]]
[2019.07.17-03.01.04:306][  0]LogConfig: Setting CVar [[r.ViewDistanceScale:1.0]]
[2019.07.17-03.01.04:306][  0]LogConfig: Applying CVar settings from Section [AntiAliasingQuality@3] File [D:/Project_SideScroller/Saved/Config/Windows/Scalability.ini]
[2019.07.17-03.01.04:306][  0]LogConfig: Setting CVar [[r.PostProcessAAQuality:4]]
[2019.07.17-03.01.04:306][  0]LogConfig: Applying CVar settings from Section [ShadowQuality@3] File [D:/Project_SideScroller/Saved/Config/Windows/Scalability.ini]
[2019.07.17-03.01.04:306][  0]LogConfig: Setting CVar [[r.LightFunctionQuality:1]]
[2019.07.17-03.01.04:306][  0]LogConfig: Setting CVar [[r.ShadowQuality:5]]
[2019.07.17-03.01.04:306][  0]LogConfig: Setting CVar [[r.Shadow.CSM.MaxCascades:10]]
[2019.07.17-03.01.04:306][  0]LogConfig: Setting CVar [[r.Shadow.MaxResolution:2048]]
[2019.07.17-03.01.04:306][  0]LogConfig: Setting CVar [[r.Shadow.MaxCSMResolution:2048]]
[2019.07.17-03.01.04:306][  0]LogConfig: Setting CVar [[r.Shadow.RadiusThreshold:0.01]]
[2019.07.17-03.01.04:306][  0]LogConfig: Setting CVar [[r.Shadow.DistanceScale:1.0]]
[2019.07.17-03.01.04:306][  0]LogConfig: Setting CVar [[r.Shadow.CSM.TransitionScale:1.0]]
[2019.07.17-03.01.04:306][  0]LogConfig: Setting CVar [[r.Shadow.PreShadowResolutionFactor:1.0]]
[2019.07.17-03.01.04:306][  0]LogConfig: Setting CVar [[r.DistanceFieldShadowing:1]]
[2019.07.17-03.01.04:306][  0]LogConfig: Setting CVar [[r.DistanceFieldAO:1]]
[2019.07.17-03.01.04:306][  0]LogConfig: Setting CVar [[r.AOQuality:2]]
[2019.07.17-03.01.04:306][  0]LogConfig: Setting CVar [[r.VolumetricFog:1]]
[2019.07.17-03.01.04:306][  0]LogConfig: Setting CVar [[r.VolumetricFog.GridPixelSize:8]]
[2019.07.17-03.01.04:306][  0]LogConfig: Setting CVar [[r.VolumetricFog.GridSizeZ:128]]
[2019.07.17-03.01.04:306][  0]LogConfig: Setting CVar [[r.VolumetricFog.HistoryMissSupersampleCount:4]]
[2019.07.17-03.01.04:306][  0]LogConfig: Setting CVar [[r.LightMaxDrawDistanceScale:1]]
[2019.07.17-03.01.04:306][  0]LogConfig: Setting CVar [[r.CapsuleShadows:1]]
[2019.07.17-03.01.04:306][  0]LogConfig: Applying CVar settings from Section [PostProcessQuality@3] File [D:/Project_SideScroller/Saved/Config/Windows/Scalability.ini]
[2019.07.17-03.01.04:306][  0]LogConfig: Setting CVar [[r.MotionBlurQuality:4]]
[2019.07.17-03.01.04:306][  0]LogConfig: Setting CVar [[r.AmbientOcclusionMipLevelFactor:0.4]]
[2019.07.17-03.01.04:306][  0]LogConfig: Setting CVar [[r.AmbientOcclusionMaxQuality:100]]
[2019.07.17-03.01.04:306][  0]LogConfig: Setting CVar [[r.AmbientOcclusionLevels:-1]]
[2019.07.17-03.01.04:306][  0]LogConfig: Setting CVar [[r.AmbientOcclusionRadiusScale:1.0]]
[2019.07.17-03.01.04:306][  0]LogConfig: Setting CVar [[r.DepthOfFieldQuality:2]]
[2019.07.17-03.01.04:306][  0]LogConfig: Setting CVar [[r.RenderTargetPoolMin:400]]
[2019.07.17-03.01.04:306][  0]LogConfig: Setting CVar [[r.LensFlareQuality:2]]
[2019.07.17-03.01.04:306][  0]LogConfig: Setting CVar [[r.SceneColorFringeQuality:1]]
[2019.07.17-03.01.04:306][  0]LogConfig: Setting CVar [[r.EyeAdaptationQuality:2]]
[2019.07.17-03.01.04:306][  0]LogConfig: Setting CVar [[r.BloomQuality:5]]
[2019.07.17-03.01.04:306][  0]LogConfig: Setting CVar [[r.FastBlurThreshold:100]]
[2019.07.17-03.01.04:306][  0]LogConfig: Setting CVar [[r.Upscale.Quality:3]]
[2019.07.17-03.01.04:306][  0]LogConfig: Setting CVar [[r.Tonemapper.GrainQuantization:1]]
[2019.07.17-03.01.04:306][  0]LogConfig: Setting CVar [[r.LightShaftQuality:1]]
[2019.07.17-03.01.04:306][  0]LogConfig: Setting CVar [[r.Filter.SizeScale:1]]
[2019.07.17-03.01.04:306][  0]LogConfig: Setting CVar [[r.Tonemapper.Quality:5]]
[2019.07.17-03.01.04:306][  0]LogConfig: Setting CVar [[r.DOF.Gather.AccumulatorQuality:1        ; higher gathering accumulator quality]]
[2019.07.17-03.01.04:306][  0]LogConfig: Setting CVar [[r.DOF.Gather.PostfilterMethod:1          ; Median3x3 postfilering method]]
[2019.07.17-03.01.04:306][  0]LogConfig: Setting CVar [[r.DOF.Gather.EnableBokehSettings:0       ; no bokeh simulation when gathering]]
[2019.07.17-03.01.04:306][  0]LogConfig: Setting CVar [[r.DOF.Gather.RingCount:4                 ; medium number of samples when gathering]]
[2019.07.17-03.01.04:306][  0]LogConfig: Setting CVar [[r.DOF.Scatter.ForegroundCompositing:1    ; additive foreground scattering]]
[2019.07.17-03.01.04:306][  0]LogConfig: Setting CVar [[r.DOF.Scatter.BackgroundCompositing:2    ; additive background scattering]]
[2019.07.17-03.01.04:306][  0]LogConfig: Setting CVar [[r.DOF.Scatter.EnableBokehSettings:1      ; bokeh simulation when scattering]]
[2019.07.17-03.01.04:306][  0]LogConfig: Setting CVar [[r.DOF.Scatter.MaxSpriteRatio:0.1         ; only a maximum of 10% of scattered bokeh]]
[2019.07.17-03.01.04:306][  0]LogConfig: Setting CVar [[r.DOF.Recombine.Quality:1                ; cheap slight out of focus]]
[2019.07.17-03.01.04:306][  0]LogConfig: Setting CVar [[r.DOF.Recombine.EnableBokehSettings:0    ; no bokeh simulation on slight out of focus]]
[2019.07.17-03.01.04:306][  0]LogConfig: Setting CVar [[r.DOF.TemporalAAQuality:1                ; more stable temporal accumulation]]
[2019.07.17-03.01.04:306][  0]LogConfig: Setting CVar [[r.DOF.Kernel.MaxForegroundRadius:0.025]]
[2019.07.17-03.01.04:306][  0]LogConfig: Setting CVar [[r.DOF.Kernel.MaxBackgroundRadius:0.025]]
[2019.07.17-03.01.04:306][  0]LogConfig: Applying CVar settings from Section [TextureQuality@3] File [D:/Project_SideScroller/Saved/Config/Windows/Scalability.ini]
[2019.07.17-03.01.04:306][  0]LogConfig: Setting CVar [[r.Streaming.MipBias:0]]
[2019.07.17-03.01.04:306][  0]LogConfig: Setting CVar [[r.Streaming.AmortizeCPUToGPUCopy:0]]
[2019.07.17-03.01.04:306][  0]LogConfig: Setting CVar [[r.Streaming.MaxNumTexturesToStreamPerFrame:0]]
[2019.07.17-03.01.04:306][  0]LogConfig: Setting CVar [[r.Streaming.Boost:1]]
[2019.07.17-03.01.04:306][  0]LogConfig: Setting CVar [[r.MaxAnisotropy:8]]
[2019.07.17-03.01.04:306][  0]LogConfig: Setting CVar [[r.Streaming.LimitPoolSizeToVRAM:0]]
[2019.07.17-03.01.04:306][  0]LogConfig: Setting CVar [[r.Streaming.PoolSize:1000]]
[2019.07.17-03.01.04:306][  0]LogConfig: Setting CVar [[r.Streaming.MaxEffectiveScreenSize:0]]
[2019.07.17-03.01.04:306][  0]LogConfig: Applying CVar settings from Section [EffectsQuality@3] File [D:/Project_SideScroller/Saved/Config/Windows/Scalability.ini]
[2019.07.17-03.01.04:306][  0]LogConfig: Setting CVar [[r.TranslucencyLightingVolumeDim:64]]
[2019.07.17-03.01.04:307][  0]LogConfig: Setting CVar [[r.RefractionQuality:2]]
[2019.07.17-03.01.04:307][  0]LogConfig: Setting CVar [[r.SSR.Quality:3]]
[2019.07.17-03.01.04:307][  0]LogConfig: Setting CVar [[r.SceneColorFormat:4]]
[2019.07.17-03.01.04:307][  0]LogConfig: Setting CVar [[r.DetailMode:2]]
[2019.07.17-03.01.04:307][  0]LogConfig: Setting CVar [[r.TranslucencyVolumeBlur:1]]
[2019.07.17-03.01.04:307][  0]LogConfig: Setting CVar [[r.MaterialQualityLevel:1 ; High quality]]
[2019.07.17-03.01.04:307][  0]LogConfig: Setting CVar [[r.SSS.Scale:1]]
[2019.07.17-03.01.04:307][  0]LogConfig: Setting CVar [[r.SSS.SampleSet:2]]
[2019.07.17-03.01.04:307][  0]LogConfig: Setting CVar [[r.SSS.Quality:1]]
[2019.07.17-03.01.04:307][  0]LogConfig: Setting CVar [[r.SSS.HalfRes:1]]
[2019.07.17-03.01.04:307][  0]LogConfig: Setting CVar [[r.EmitterSpawnRateScale:1.0]]
[2019.07.17-03.01.04:307][  0]LogConfig: Setting CVar [[r.ParticleLightQuality:2]]
[2019.07.17-03.01.04:307][  0]LogConfig: Applying CVar settings from Section [FoliageQuality@3] File [D:/Project_SideScroller/Saved/Config/Windows/Scalability.ini]
[2019.07.17-03.01.04:307][  0]LogConfig: Setting CVar [[foliage.DensityScale:1.0]]
[2019.07.17-03.01.04:307][  0]LogConfig: Setting CVar [[grass.DensityScale:1.0]]
[2019.07.17-03.01.04:307][  0]LogConfig: Applying CVar settings from Section [Startup] File [../../../Engine/Config/ConsoleVariables.ini]
[2019.07.17-03.01.04:307][  0]LogConfig: Setting CVar [[net.UseAdaptiveNetUpdateFrequency:0]]
[2019.07.17-03.01.04:307][  0]LogConfig: Setting CVar [[p.chaos.AllowCreatePhysxBodies:1]]
[2019.07.17-03.01.04:307][  0]LogConfig: Applying CVar settings from Section [ConsoleVariables] File [D:/Project_SideScroller/Saved/Config/Windows/Engine.ini]
[2019.07.17-03.01.04:307][  0]LogInit: Computer: HIH-D-20712
[2019.07.17-03.01.04:307][  0]LogInit: User: richardy
[2019.07.17-03.01.04:307][  0]LogInit: CPU Page size=4096, Cores=4
[2019.07.17-03.01.04:307][  0]LogInit: High frequency timer resolution =10.000000 MHz
[2019.07.17-03.01.04:307][  0]LogMemory: Memory total: Physical=15.9GB (16GB approx)
[2019.07.17-03.01.04:307][  0]LogMemory: Platform Memory Stats for Windows
[2019.07.17-03.01.04:307][  0]LogMemory: Process Physical Memory: 98.16 MB used, 98.16 MB peak
[2019.07.17-03.01.04:307][  0]LogMemory: Process Virtual Memory: 111.93 MB used, 111.93 MB peak
[2019.07.17-03.01.04:307][  0]LogMemory: Physical Memory: 8859.39 MB used,  7416.39 MB free, 16275.79 MB total
[2019.07.17-03.01.04:307][  0]LogMemory: Virtual Memory: 4680.47 MB used,  134213048.00 MB free, 134217728.00 MB total
[2019.07.17-03.01.04:337][  0]LogInit: Overriding language with editor language configuration option (en).
[2019.07.17-03.01.04:337][  0]LogInit: Overriding locale with editor locale configuration option (en).
[2019.07.17-03.01.04:515][  0]LogInit: Setting process to per monitor DPI aware
[2019.07.17-03.01.04:547][  0]LogSlate: New Slate User Created.  User Index 0, Is Virtual User: 0
[2019.07.17-03.01.04:547][  0]LogSlate: Slate User Registered.  User Index 0, Is Virtual User: 0
[2019.07.17-03.01.04:779][  0]LogHMD: Failed to initialize OpenVR with code 110
[2019.07.17-03.01.04:779][  0]LogD3D11RHI: D3D11 adapters:
[2019.07.17-03.01.04:861][  0]LogD3D11RHI:    0. 'NVIDIA GeForce GTX 1060 6GB' (Feature Level 11_0)
[2019.07.17-03.01.04:861][  0]LogD3D11RHI:       6052/0/8137 MB DedicatedVideo/DedicatedSystem/SharedSystem, Outputs:2, VendorId:0x10de
[2019.07.17-03.01.04:889][  0]LogD3D11RHI:    1. 'Intel(R) HD Graphics 630' (Feature Level 11_0)
[2019.07.17-03.01.04:889][  0]LogD3D11RHI:       128/0/8137 MB DedicatedVideo/DedicatedSystem/SharedSystem, Outputs:0, VendorId:0x8086
[2019.07.17-03.01.04:891][  0]LogD3D11RHI:    2. 'Microsoft Basic Render Driver' (Feature Level 11_0)
[2019.07.17-03.01.04:891][  0]LogD3D11RHI:       0/0/8137 MB DedicatedVideo/DedicatedSystem/SharedSystem, Outputs:0, VendorId:0x1414
[2019.07.17-03.01.04:893][  0]LogD3D11RHI:    3. 'Microsoft Basic Render Driver' (Feature Level 11_0)
[2019.07.17-03.01.04:893][  0]LogD3D11RHI:       0/0/8137 MB DedicatedVideo/DedicatedSystem/SharedSystem, Outputs:0, VendorId:0x1414
[2019.07.17-03.01.04:893][  0]LogD3D11RHI: Chosen D3D11 Adapter: 0
[2019.07.17-03.01.04:901][  0]LogD3D11RHI: Creating new Direct3DDevice
[2019.07.17-03.01.04:901][  0]LogD3D11RHI:     GPU DeviceId: 0x1c03 (for the marketing name, search the web for "GPU Device Id")
[2019.07.17-03.01.04:901][  0]LogWindows: EnumDisplayDevices:
[2019.07.17-03.01.04:901][  0]LogWindows:    0. 'NVIDIA GeForce GTX 1060 6GB' (P:1 D:1)
[2019.07.17-03.01.04:902][  0]LogWindows:    1. 'NVIDIA GeForce GTX 1060 6GB' (P:0 D:1)
[2019.07.17-03.01.04:903][  0]LogWindows:    2. 'NVIDIA GeForce GTX 1060 6GB' (P:0 D:0)
[2019.07.17-03.01.04:904][  0]LogWindows:    3. 'NVIDIA GeForce GTX 1060 6GB' (P:0 D:0)
[2019.07.17-03.01.04:904][  0]LogWindows:    4. 'Intel(R) HD Graphics 630' (P:0 D:0)
[2019.07.17-03.01.04:905][  0]LogWindows:    5. 'Intel(R) HD Graphics 630' (P:0 D:0)
[2019.07.17-03.01.04:905][  0]LogWindows:    6. 'Intel(R) HD Graphics 630' (P:0 D:0)
[2019.07.17-03.01.04:906][  0]LogWindows:    7. 'Lebo Virtual USB Monitor' (P:0 D:0)
[2019.07.17-03.01.04:906][  0]LogWindows: DebugString: PrimaryIsNotTheChoosenAdapter PrimaryIsNotTheChoosenAdapter PrimaryIsNotTheChoosenAdapter GetVideoDriverDetailsInvalid PrimaryIsNotTheChoosenAdapter FoundDriverCount:4 
[2019.07.17-03.01.04:906][  0]LogD3D11RHI:     Adapter Name: NVIDIA GeForce GTX 1060 6GB
[2019.07.17-03.01.04:906][  0]LogD3D11RHI:   Driver Version: 431.36 (internal:26.21.14.3136, unified:431.36)
[2019.07.17-03.01.04:906][  0]LogD3D11RHI:      Driver Date: 7-3-2019
[2019.07.17-03.01.04:906][  0]LogRHI: Texture pool is 4236 MB (70% of 6052 MB)
[2019.07.17-03.01.04:954][  0]LogD3D11RHI: Async texture creation enabled
[2019.07.17-03.01.04:964][  0]LogRendererCore: FGlobalReadBuffer::InitRHI
[2019.07.17-03.01.04:964][  0]LogRendererCore: FGlobalReadBuffer::InitRHI
[2019.07.17-03.01.04:964][  0]LogRendererCore: FGlobalReadBuffer::InitRHI
[2019.07.17-03.01.04:972][  0]LogD3D11RHI: GPU Timing Frequency: 1000.000000 (Debug: 2 1)
[2019.07.17-03.01.05:508][  0]LogTemp: Display: Module 'AllDesktopTargetPlatform' loaded TargetPlatform 'AllDesktop'
[2019.07.17-03.01.05:520][  0]LogTemp: Display: Module 'MacClientTargetPlatform' loaded TargetPlatform 'MacClient'
[2019.07.17-03.01.05:532][  0]LogTemp: Display: Module 'MacNoEditorTargetPlatform' loaded TargetPlatform 'MacNoEditor'
[2019.07.17-03.01.05:543][  0]LogTemp: Display: Module 'MacServerTargetPlatform' loaded TargetPlatform 'MacServer'
[2019.07.17-03.01.05:554][  0]LogTemp: Display: Module 'MacTargetPlatform' loaded TargetPlatform 'Mac'
[2019.07.17-03.01.05:566][  0]LogTemp: Display: Module 'WindowsClientTargetPlatform' loaded TargetPlatform 'WindowsClient'
[2019.07.17-03.01.05:577][  0]LogTemp: Display: Module 'WindowsNoEditorTargetPlatform' loaded TargetPlatform 'WindowsNoEditor'
[2019.07.17-03.01.05:587][  0]LogTemp: Display: Module 'WindowsServerTargetPlatform' loaded TargetPlatform 'WindowsServer'
[2019.07.17-03.01.05:592][  0]LogTemp: Display: Module 'WindowsTargetPlatform' loaded TargetPlatform 'Windows'
[2019.07.17-03.01.05:657][  0]LogTemp: Display: Module 'AndroidTargetPlatform' loaded TargetPlatform 'Android'
[2019.07.17-03.01.05:657][  0]LogTemp: Display: Module 'AndroidTargetPlatform' loaded TargetPlatform 'Android_ASTC'
[2019.07.17-03.01.05:657][  0]LogTemp: Display: Module 'AndroidTargetPlatform' loaded TargetPlatform 'Android_ATC'
[2019.07.17-03.01.05:657][  0]LogTemp: Display: Module 'AndroidTargetPlatform' loaded TargetPlatform 'Android_DXT'
[2019.07.17-03.01.05:657][  0]LogTemp: Display: Module 'AndroidTargetPlatform' loaded TargetPlatform 'Android_ETC1'
[2019.07.17-03.01.05:657][  0]LogTemp: Display: Module 'AndroidTargetPlatform' loaded TargetPlatform 'Android_ETC1a'
[2019.07.17-03.01.05:657][  0]LogTemp: Display: Module 'AndroidTargetPlatform' loaded TargetPlatform 'Android_ETC2'
[2019.07.17-03.01.05:657][  0]LogTemp: Display: Module 'AndroidTargetPlatform' loaded TargetPlatform 'Android_PVRTC'
[2019.07.17-03.01.05:657][  0]LogTemp: Display: Module 'AndroidTargetPlatform' loaded TargetPlatform 'AndroidClient'
[2019.07.17-03.01.05:657][  0]LogTemp: Display: Module 'AndroidTargetPlatform' loaded TargetPlatform 'Android_ASTCClient'
[2019.07.17-03.01.05:657][  0]LogTemp: Display: Module 'AndroidTargetPlatform' loaded TargetPlatform 'Android_ATCClient'
[2019.07.17-03.01.05:657][  0]LogTemp: Display: Module 'AndroidTargetPlatform' loaded TargetPlatform 'Android_DXTClient'
[2019.07.17-03.01.05:657][  0]LogTemp: Display: Module 'AndroidTargetPlatform' loaded TargetPlatform 'Android_ETC1Client'
[2019.07.17-03.01.05:657][  0]LogTemp: Display: Module 'AndroidTargetPlatform' loaded TargetPlatform 'Android_ETC1aClient'
[2019.07.17-03.01.05:657][  0]LogTemp: Display: Module 'AndroidTargetPlatform' loaded TargetPlatform 'Android_ETC2Client'
[2019.07.17-03.01.05:657][  0]LogTemp: Display: Module 'AndroidTargetPlatform' loaded TargetPlatform 'Android_PVRTCClient'
[2019.07.17-03.01.05:657][  0]LogTemp: Display: Module 'AndroidTargetPlatform' loaded TargetPlatform 'Android_Multi'
[2019.07.17-03.01.05:657][  0]LogTemp: Display: Module 'AndroidTargetPlatform' loaded TargetPlatform 'Android_MultiClient'
[2019.07.17-03.01.05:659][  0]LogTemp: Display: Module 'HTML5TargetPlatform' loaded TargetPlatform 'HTML5'
[2019.07.17-03.01.05:703][  0]LogTemp: Display: Module 'IOSTargetPlatform' loaded TargetPlatform 'IOSClient'
[2019.07.17-03.01.05:703][  0]LogTemp: Display: Module 'IOSTargetPlatform' loaded TargetPlatform 'IOS'
[2019.07.17-03.01.05:722][  0]LogTemp: Display: Module 'TVOSTargetPlatform' loaded TargetPlatform 'TVOSClient'
[2019.07.17-03.01.05:722][  0]LogTemp: Display: Module 'TVOSTargetPlatform' loaded TargetPlatform 'TVOS'
[2019.07.17-03.01.05:732][  0]LogTemp: Display: Module 'LinuxClientTargetPlatform' loaded TargetPlatform 'LinuxClient'
[2019.07.17-03.01.05:741][  0]LogTemp: Display: Module 'LinuxNoEditorTargetPlatform' loaded TargetPlatform 'LinuxNoEditor'
[2019.07.17-03.01.05:751][  0]LogTemp: Display: Module 'LinuxServerTargetPlatform' loaded TargetPlatform 'LinuxServer'
[2019.07.17-03.01.05:762][  0]LogTemp: Display: Module 'LinuxTargetPlatform' loaded TargetPlatform 'Linux'
[2019.07.17-03.01.05:797][  0]LogTemp: Display: Module 'LuminTargetPlatform' loaded TargetPlatform 'Lumin'
[2019.07.17-03.01.05:797][  0]LogTemp: Display: Module 'LuminTargetPlatform' loaded TargetPlatform 'LuminClient'
[2019.07.17-03.01.05:797][  0]LogTargetPlatformManager: Display: Building Assets For Windows
[2019.07.17-03.01.05:805][  0]LogAudioDebug: Display: Lib vorbis DLL was dynamically loaded.
[2019.07.17-03.01.05:842][  0]LogShaderCompilers: Guid format shader working directory is 16 characters bigger than the processId version (../../../../Project_SideScroller/Intermediate/Shaders/WorkingDirectory/16168/).
[2019.07.17-03.01.05:842][  0]LogShaderCompilers: Cleaned the shader compiler working directory 'C:/Users/richardy/AppData/Local/Temp/UnrealShaderWorkingDir/163813E1426BCF709ADB66A603F923AD/'.
[2019.07.17-03.01.05:844][  0]LogXGEController: Cannot use XGE Controller as Incredibuild is not installed on this machine.
[2019.07.17-03.01.05:845][  0]LogShaderCompilers: Cannot use XGE Shader Compiler as Incredibuild is not installed on this machine.
[2019.07.17-03.01.05:845][  0]LogShaderCompilers: Display: Using Local Shader Compiler.
[2019.07.17-03.01.06:385][  0]LogDerivedDataCache: Display: Max Cache Size: 512 MB
[2019.07.17-03.01.06:442][  0]LogDerivedDataCache: Loaded boot cache 0.06s 71MB C:/Users/richardy/AppData/Local/UnrealEngine/4.22/DerivedDataCache/Boot.ddc.
[2019.07.17-03.01.06:442][  0]LogDerivedDataCache: Display: Loaded Boot cache: C:/Users/richardy/AppData/Local/UnrealEngine/4.22/DerivedDataCache/Boot.ddc
[2019.07.17-03.01.06:442][  0]LogDerivedDataCache: FDerivedDataBackendGraph:  Pak pak cache file ../../../../Project_SideScroller/DerivedDataCache/DDC.ddp not found, will not use a pak cache.
[2019.07.17-03.01.06:442][  0]LogDerivedDataCache: Unable to find inner node Pak for hierarchical cache Hierarchy.
[2019.07.17-03.01.06:442][  0]LogDerivedDataCache: FDerivedDataBackendGraph:  CompressedPak pak cache file ../../../../Project_SideScroller/DerivedDataCache/Compressed.ddp not found, will not use a pak cache.
[2019.07.17-03.01.06:442][  0]LogDerivedDataCache: Unable to find inner node CompressedPak for hierarchical cache Hierarchy.
[2019.07.17-03.01.06:460][  0]LogDerivedDataCache: Display: Pak cache opened for reading ../../../Engine/DerivedDataCache/Compressed.ddp.
[2019.07.17-03.01.06:460][  0]LogDerivedDataCache: FDerivedDataBackendGraph:  EnterprisePak pak cache file ../../../Enterprise/DerivedDataCache/Compressed.ddp not found, will not use a pak cache.
[2019.07.17-03.01.06:460][  0]LogDerivedDataCache: Unable to find inner node EnterprisePak for hierarchical cache Hierarchy.
[2019.07.17-03.01.06:473][  0]LogDerivedDataCache: Using Local data cache path C:/Users/richardy/AppData/Local/UnrealEngine/Common/DerivedDataCache: Writable
[2019.07.17-03.01.06:473][  0]LogDerivedDataCache: Shared data cache path not found in *engine.ini, will not use an Shared cache.
[2019.07.17-03.01.06:473][  0]LogDerivedDataCache: Unable to find inner node Shared for hierarchical cache Hierarchy.
[2019.07.17-03.01.06:494][  0]LogMaterial: Verifying Global Shaders for PCD3D_SM5
[2019.07.17-03.01.06:495][  0]LogSlate: Using FreeType 2.6.0
[2019.07.17-03.01.06:495][  0]LogSlate: SlateFontServices - WITH_FREETYPE: 1, WITH_HARFBUZZ: 1
[2019.07.17-03.01.06:579][  0]LogAssetRegistry: FAssetRegistry took 0.0315 seconds to start up
[2019.07.17-03.01.06:854][  0]LogInit: Selected Device Profile: [Windows]
[2019.07.17-03.01.06:899][  0]LogMeshReduction: Using QuadricMeshReduction for automatic static mesh reduction
[2019.07.17-03.01.06:899][  0]LogMeshReduction: Using SimplygonMeshReduction for automatic skeletal mesh reduction
[2019.07.17-03.01.06:899][  0]LogMeshReduction: Using ProxyLODMeshReduction for automatic mesh merging
[2019.07.17-03.01.06:899][  0]LogMeshReduction: No distributed automatic mesh merging module available
[2019.07.17-03.01.06:899][  0]LogMeshMerging: No distributed automatic mesh merging module available
[2019.07.17-03.01.06:984][  0]LogNetVersion: Project_SideScroller 1.0.0, NetCL: 5660361, EngineNetVer: 10, GameNetVer: 0 (Checksum: 1837036007)
[2019.07.17-03.01.07:393][  0]LogPackageLocalizationCache: Processed 10 localized package path(s) for 1 prioritized culture(s) in 0.058176 seconds
[2019.07.17-03.01.07:398][  0]LogUObjectArray: 42205 objects as part of root set at end of initial load.
[2019.07.17-03.01.07:398][  0]LogUObjectAllocator: 7325032 out of 0 bytes used by permanent object pool.
[2019.07.17-03.01.07:398][  0]LogUObjectArray: CloseDisregardForGC: 0/0 objects in disregard for GC pool
[2019.07.17-03.01.08:200][  0]LogTcpMessaging: Initializing TcpMessaging bridge
[2019.07.17-03.01.08:213][  0]LogUdpMessaging: Initializing bridge on interface 0.0.0.0:0 to multicast group 230.0.0.1:6666.
[2019.07.17-03.01.08:319][  0]SourceControl: Source control is disabled
[2019.07.17-03.01.08:319][  0]SourceControl: Source control is disabled
[2019.07.17-03.01.08:320][  0]SourceControl: Source control is disabled
[2019.07.17-03.01.08:321][  0]SourceControl: Source control is disabled
[2019.07.17-03.01.08:397][  0]LogAndroidPermission: UAndroidPermissionCallbackProxy::GetInstance
[2019.07.17-03.01.08:806][  0]LogOcInput: OculusInput pre-init called
[2019.07.17-03.01.09:459][  0]LogEngine: Initializing Engine...
[2019.07.17-03.01.09:461][  0]LogHMD: Failed to initialize OpenVR with code 110
[2019.07.17-03.01.09:462][  0]LogStats: UGameplayTagsManager::InitializeManager -  0.000 s
[2019.07.17-03.01.09:641][  0]LogInit: Initializing FReadOnlyCVARCache
[2019.07.17-03.01.09:652][  0]LogAIModule: Creating AISystem for world Untitled
[2019.07.17-03.01.09:903][  0]LogInit: XAudio2 using '耳机 (Realtek High Definition Audio)' : 2 channels at 48 kHz using 32 bits per sample (channel mask 0x3)
[2019.07.17-03.01.10:024][  0]LogInit: FAudioDevice initialized.
[2019.07.17-03.01.10:024][  0]LogNetVersion: Set ProjectVersion to 1.0.0.0. Version Checksum will be recalculated on next use.
[2019.07.17-03.01.10:138][  0]LogDerivedDataCache: Saved boot cache 0.11s 71MB C:/Users/richardy/AppData/Local/UnrealEngine/4.22/DerivedDataCache/Boot.ddc.
[2019.07.17-03.01.10:144][  0]LogInit: Texture streaming: Enabled
[2019.07.17-03.01.10:165][  0]LogEngineSessionManager: EngineSessionManager initialized
[2019.07.17-03.01.10:185][  0]LogInit: Transaction tracking system initialized
[2019.07.17-03.01.10:206][  0]BlueprintLog: New page: Editor Load
[2019.07.17-03.01.10:299][  0]LocalizationService: Localization service is disabled
[2019.07.17-03.01.10:637][  0]LogFileCache: Scanning file cache for directory 'D:/Project_SideScroller/Content/' took 0.04s
[2019.07.17-03.01.10:637][  0]LogCook: Display: Max memory allowance for cook 16384mb min free memory 0mb
[2019.07.17-03.01.10:637][  0]LogCook: Display: Mobile HDR setting 1
[2019.07.17-03.01.10:831][  0]SourceControl: Source control is disabled
[2019.07.17-03.01.10:831][  0]Cmd: MAP LOAD FILE="../../../../Project_SideScroller/Content/SideScrollerBP/Maps/SideScrollerExampleMap.umap" TEMPLATE=0 SHOWPROGRESS=1 FEATURELEVEL=3
[2019.07.17-03.01.10:832][  0]LightingResults: New page: Lighting Build
[2019.07.17-03.01.10:835][  0]MapCheck: New page: Map Check
[2019.07.17-03.01.10:835][  0]LightingResults: New page: Lighting Build
[2019.07.17-03.01.10:859][  0]LogUObjectHash: Compacting FUObjectHashTables data took   1.69ms
[2019.07.17-03.01.11:695][  0]LogAIModule: Creating AISystem for world SideScrollerExampleMap
[2019.07.17-03.01.11:726][  0]LogEditorServer: Finished looking for orphan Actors (0.000 secs)
[2019.07.17-03.01.11:751][  0]LogUObjectHash: Compacting FUObjectHashTables data took   1.92ms
[2019.07.17-03.01.11:751][  0]Cmd: MAP CHECKDEP NOCLEARLOG
[2019.07.17-03.01.11:752][  0]MapCheck: Map check complete: 0 Error(s), 0 Warning(s), took 0.109ms to complete.
[2019.07.17-03.01.11:752][  0]LogFileHelpers: Loading map 'SideScrollerExampleMap' took 0.920
[2019.07.17-03.01.11:840][  0]LogSlate: Updating window title bar state: overlay mode, drag disabled, window buttons hidden, title bar hidden
[2019.07.17-03.01.11:846][  0]LogSlate: Updating window title bar state: overlay mode, drag disabled, window buttons hidden, title bar hidden
[2019.07.17-03.01.11:853][  0]LogSlate: Updating window title bar state: overlay mode, drag disabled, window buttons hidden, title bar hidden
[2019.07.17-03.01.11:860][  0]LogSlate: Updating window title bar state: overlay mode, drag disabled, window buttons hidden, title bar hidden
[2019.07.17-03.01.11:895][  0]LogCollectionManager: Loaded 0 collections in 0.031078 seconds
[2019.07.17-03.01.11:934][  0]LogFileCache: Scanning file cache for directory 'D:/Project_SideScroller/Saved/Collections/' took 0.01s
[2019.07.17-03.01.11:934][  0]LogFileCache: Scanning file cache for directory 'D:/Project_SideScroller/Content/Developers/richardy/Collections/' took 0.01s
[2019.07.17-03.01.11:934][  0]LogFileCache: Scanning file cache for directory 'D:/Project_SideScroller/Content/Collections/' took 0.01s
[2019.07.17-03.01.11:935][  0]LogCollectionManager: Rebuilt the GUID cache for 0 collections in 0.000000 seconds
[2019.07.17-03.01.11:942][  0]LogContentBrowser: Native class hierarchy populated in 0.0072 seconds. Added 2732 classes and 659 folders.
[2019.07.17-03.01.11:947][  0]LogContentBrowser: Native class hierarchy updated for 'WidgetCarousel' in 0.0002 seconds. Added 0 classes and 0 folders.
[2019.07.17-03.01.11:948][  0]LogPakFile: Registered encryption key '00000000000000000000000000000000': 0 pak files mounted, 0 remain pending
[2019.07.17-03.01.11:949][  0]LogPakFile: Registered encryption key '00000000000000000000000000000000': 0 pak files mounted, 0 remain pending
[2019.07.17-03.01.11:949][  0]LogPakFile: Registered encryption key '00000000000000000000000000000000': 0 pak files mounted, 0 remain pending
[2019.07.17-03.01.11:950][  0]LogPakFile: Registered encryption key '00000000000000000000000000000000': 0 pak files mounted, 0 remain pending
[2019.07.17-03.01.11:950][  0]LogPakFile: Registered encryption key '00000000000000000000000000000000': 0 pak files mounted, 0 remain pending
[2019.07.17-03.01.11:951][  0]LogPakFile: Registered encryption key '00000000000000000000000000000000': 0 pak files mounted, 0 remain pending
[2019.07.17-03.01.11:951][  0]LogPakFile: Registered encryption key '00000000000000000000000000000000': 0 pak files mounted, 0 remain pending
[2019.07.17-03.01.11:952][  0]LogPakFile: Registered encryption key '00000000000000000000000000000000': 0 pak files mounted, 0 remain pending
[2019.07.17-03.01.11:952][  0]LogPakFile: Registered encryption key '00000000000000000000000000000000': 0 pak files mounted, 0 remain pending
[2019.07.17-03.01.11:953][  0]LogPakFile: Registered encryption key '00000000000000000000000000000000': 0 pak files mounted, 0 remain pending
[2019.07.17-03.01.11:953][  0]LogPakFile: Registered encryption key '00000000000000000000000000000000': 0 pak files mounted, 0 remain pending
[2019.07.17-03.01.11:954][  0]LogPakFile: Registered encryption key '00000000000000000000000000000000': 0 pak files mounted, 0 remain pending
[2019.07.17-03.01.11:954][  0]LogPakFile: Registered encryption key '00000000000000000000000000000000': 0 pak files mounted, 0 remain pending
[2019.07.17-03.01.11:955][  0]LogPakFile: Registered encryption key '00000000000000000000000000000000': 0 pak files mounted, 0 remain pending
[2019.07.17-03.01.11:955][  0]LogPakFile: Registered encryption key '00000000000000000000000000000000': 0 pak files mounted, 0 remain pending
[2019.07.17-03.01.11:956][  0]LogPakFile: Registered encryption key '00000000000000000000000000000000': 0 pak files mounted, 0 remain pending
[2019.07.17-03.01.11:956][  0]LogPakFile: Registered encryption key '00000000000000000000000000000000': 0 pak files mounted, 0 remain pending
[2019.07.17-03.01.11:957][  0]LogPakFile: Registered encryption key '00000000000000000000000000000000': 0 pak files mounted, 0 remain pending
[2019.07.17-03.01.11:958][  0]LogPakFile: Registered encryption key '00000000000000000000000000000000': 0 pak files mounted, 0 remain pending
[2019.07.17-03.01.11:958][  0]LogPakFile: Registered encryption key '00000000000000000000000000000000': 0 pak files mounted, 0 remain pending
[2019.07.17-03.01.11:959][  0]LogPakFile: Registered encryption key '00000000000000000000000000000000': 0 pak files mounted, 0 remain pending
[2019.07.17-03.01.11:959][  0]LogPakFile: Registered encryption key '00000000000000000000000000000000': 0 pak files mounted, 0 remain pending
[2019.07.17-03.01.11:960][  0]LogPakFile: Registered encryption key '00000000000000000000000000000000': 0 pak files mounted, 0 remain pending
[2019.07.17-03.01.11:960][  0]LogPakFile: Registered encryption key '00000000000000000000000000000000': 0 pak files mounted, 0 remain pending
[2019.07.17-03.01.11:961][  0]LogPakFile: Registered encryption key '00000000000000000000000000000000': 0 pak files mounted, 0 remain pending
[2019.07.17-03.01.11:961][  0]LogPakFile: Registered encryption key '00000000000000000000000000000000': 0 pak files mounted, 0 remain pending
[2019.07.17-03.01.11:998][  0]LogContentBrowser: Native class hierarchy updated for 'AddContentDialog' in 0.0003 seconds. Added 0 classes and 0 folders.
[2019.07.17-03.01.12:006][  0]LogContentBrowser: Native class hierarchy updated for 'SceneOutliner' in 0.0003 seconds. Added 1 classes and 2 folders.
[2019.07.17-03.01.12:010][  0]LogConsoleManager: Warning: Console object named 'ActorComponents.Enable' already exists but is being registered again, but we weren't expected it to be! (FConsoleManager::AddConsoleObject)
[2019.07.17-03.01.12:092][  0]LogContentBrowser: Native class hierarchy updated for 'HierarchicalLODOutliner' in 0.0003 seconds. Added 0 classes and 0 folders.
[2019.07.17-03.01.12:093][  0]LogLoad: (Engine Initialization) Total time: 10.38 seconds
[2019.07.17-03.01.12:093][  0]LogLoad: (Engine Initialization) Total Blueprint compile time: 0.00 seconds
[2019.07.17-03.01.12:130][  0]LogAssetRegistry: Asset discovery search completed in 5.5742 seconds
[2019.07.17-03.01.12:132][  0]LogCollectionManager: Rebuilt the object cache for 0 collections in 0.000000 seconds (found 0 objects)
[2019.07.17-03.01.12:132][  0]LogCollectionManager: Fixed up redirectors for 0 collections in 0.000035 seconds (updated 0 objects)
[2019.07.17-03.01.12:132][  0]LogContentStreaming: Texture pool size now 1000 MB
[2019.07.17-03.01.12:139][  0]LogSlate: Took 0.000183 seconds to synchronously load lazily loaded font '../../../Engine/Content/Slate/Fonts/Roboto-Regular.ttf' (155K)
[2019.07.17-03.01.12:141][  0]LogSlate: Took 0.000168 seconds to synchronously load lazily loaded font '../../../Engine/Content/Slate/Fonts/Roboto-Bold.ttf' (160K)
[2019.07.17-03.01.12:145][  0]LogSlate: Took 0.000160 seconds to synchronously load lazily loaded font '../../../Engine/Content/Editor/Slate/Fonts/FontAwesome.ttf' (139K)
[2019.07.17-03.01.12:205][  0]LogRenderer: Reallocating scene render targets to support 744x408 Format 10 NumSamples 1 (Frame:1).
[2019.07.17-03.01.12:244][  0]LogSlate: Took 0.000338 seconds to synchronously load lazily loaded font '../../../Engine/Content/Slate/Fonts/Roboto-Light.ttf' (167K)
[2019.07.17-03.01.22:427][200]LogRenderer: Reallocating scene render targets to support 1124x648 Format 10 NumSamples 1 (Frame:4).
[2019.07.17-03.01.24:354][428]LogEditorViewport: Clicking on Actor (LMB): LaunchPad_Blueprint_C (LaunchPad_Blueprint6)
[2019.07.17-03.01.26:127][628]LogSlate: FSceneViewport::OnFocusLost() reason 0
[2019.07.17-03.01.26:291][647]LogSlate: Took 0.000192 seconds to synchronously load lazily loaded font '../../../Engine/Content/Slate/Fonts/Roboto-Light.ttf' (167K)
[2019.07.17-03.01.26:300][647]LogAssetEditorManager: Opening Asset editor for Blueprint /Game/SideScrollerBP/Blueprints/LaunchPad_Blueprint.LaunchPad_Blueprint
[2019.07.17-03.01.26:504][647]LogContentBrowser: Native class hierarchy updated for 'BlueprintGraph' in 0.0005 seconds. Added 121 classes and 0 folders.
[2019.07.17-03.01.27:179][647]LogSlate: Took 0.000172 seconds to synchronously load lazily loaded font '../../../Engine/Content/Slate/Fonts/Roboto-BoldCondensed.ttf' (158K)
[2019.07.17-03.01.28:244][767]LogSlate: Took 0.000350 seconds to synchronously load lazily loaded font '../../../Engine/Content/Slate/Fonts/Roboto-Italic.ttf' (157K)
[2019.07.17-03.01.43:823][449]LogSlate: Window 'LaunchPad_Blueprint' being destroyed
[2019.07.17-03.01.43:829][449]LogSlate: Window 'LaunchPad_Blueprint' being destroyed
[2019.07.17-03.01.51:101][164]LogUProjectInfo: Found projects:
[2019.07.17-03.01.54:394][557]LogTemp: IOS device listing is disabled (to many failed attempts)!
[2019.07.17-03.01.55:434][682]Cmd: CLOSE_SLATE_MAINFRAME
[2019.07.17-03.01.55:463][682]LogUObjectHash: Compacting FUObjectHashTables data took   2.40ms
[2019.07.17-03.01.55:487][682]LogSlate: Window 'Open Project' being destroyed
[2019.07.17-03.01.55:493][682]LogSlate: Window 'Project_SideScroller - Unreal Editor' being destroyed
[2019.07.17-03.01.55:770][683]Cmd: QUIT_EDITOR
[2019.07.17-03.01.55:820][683]LogWindowsTextInputMethodSystem: Display: IME system now activated using TSF (微软拼音).
[2019.07.17-03.01.55:828][683]LogExit: Preparing to exit.
[2019.07.17-03.01.56:283][683]LogExit: Editor shut down
[2019.07.17-03.01.56:283][683]LogExit: Transaction tracking system shut down
[2019.07.17-03.01.56:532][683]LogExit: Object subsystem successfully closed.
[2019.07.17-03.01.56:549][683]LogShaderCompilers: Display: Shaders left to compile 0
[2019.07.17-03.01.56:555][683]LogD3D11RHI: Shutdown
[2019.07.17-03.01.56:555][683]LogD3D11RHI: CleanupD3DDevice
[2019.07.17-03.01.56:555][683]LogRendererCore: FGlobalReadBuffer::ReleaseRHI
[2019.07.17-03.01.56:555][683]LogRendererCore: FGlobalDynamicReadBuffer::Cleanup()
[2019.07.17-03.01.56:555][683]LogRendererCore: FGlobalReadBuffer::ReleaseRHI
[2019.07.17-03.01.56:555][683]LogRendererCore: FGlobalDynamicReadBuffer::Cleanup()
[2019.07.17-03.01.56:555][683]LogRendererCore: FGlobalReadBuffer::ReleaseRHI
[2019.07.17-03.01.56:555][683]LogRendererCore: FGlobalDynamicReadBuffer::Cleanup()
[2019.07.17-03.01.56:631][683]LogD3D11RHI: ~FD3D11DynamicRHI
[2019.07.17-03.01.56:640][683]LogModuleManager: Shutting down and abandoning module BlueprintGraph (644)
[2019.07.17-03.01.56:640][683]LogModuleManager: Shutting down and abandoning module HierarchicalLODOutliner (642)
[2019.07.17-03.01.56:640][683]LogModuleManager: Shutting down and abandoning module SceneOutliner (640)
[2019.07.17-03.01.56:640][683]LogModuleManager: Shutting down and abandoning module AddContentDialog (638)
[2019.07.17-03.01.56:640][683]LogModuleManager: Shutting down and abandoning module WidgetCarousel (637)
[2019.07.17-03.01.56:640][683]LogModuleManager: Shutting down and abandoning module EditorWidgets (634)
[2019.07.17-03.01.56:641][683]LogModuleManager: Shutting down and abandoning module CollectionManager (632)
[2019.07.17-03.01.56:641][683]LogModuleManager: Shutting down and abandoning module StatsViewer (630)
[2019.07.17-03.01.56:641][683]LogModuleManager: Shutting down and abandoning module FoliageEdit (628)
[2019.07.17-03.01.56:641][683]LogModuleManager: Shutting down and abandoning module LandscapeEditor (626)
[2019.07.17-03.01.56:641][683]LogModuleManager: Shutting down and abandoning module MeshPaintMode (624)
[2019.07.17-03.01.56:641][683]LogModuleManager: Shutting down and abandoning module SceneDepthPickerMode (622)
[2019.07.17-03.01.56:641][683]LogModuleManager: Shutting down and abandoning module ActorPickerMode (620)
[2019.07.17-03.01.56:641][683]LogModuleManager: Shutting down and abandoning module GeometryMode (618)
[2019.07.17-03.01.56:641][683]LogModuleManager: Shutting down and abandoning module TextureAlignMode (616)
[2019.07.17-03.01.56:641][683]LogModuleManager: Shutting down and abandoning module BspMode (614)
[2019.07.17-03.01.56:641][683]LogModuleManager: Shutting down and abandoning module PIEPreviewDeviceProfileSelector (612)
[2019.07.17-03.01.56:641][683]LogModuleManager: Shutting down and abandoning module SequenceRecorderSections (610)
[2019.07.17-03.01.56:641][683]LogModuleManager: Shutting down and abandoning module AutomationWorker (608)
[2019.07.17-03.01.56:641][683]LogModuleManager: Shutting down and abandoning module OculusMR (606)
[2019.07.17-03.01.56:641][683]LogModuleManager: Shutting down and abandoning module AudioCaptureEditor (604)
[2019.07.17-03.01.56:641][683]LogModuleManager: Shutting down and abandoning module MatineeToLevelSequence (602)
[2019.07.17-03.01.56:641][683]LogModuleManager: Shutting down and abandoning module LevelSequenceEditor (600)
[2019.07.17-03.01.56:642][683]LogModuleManager: Shutting down and abandoning module PlacementMode (599)
[2019.07.17-03.01.56:642][683]LogModuleManager: Shutting down and abandoning module MaterialEditor (598)
[2019.07.17-03.01.56:642][683]LogModuleManager: Shutting down and abandoning module ActorSequenceEditor (594)
[2019.07.17-03.01.56:642][683]LogModuleManager: Shutting down and abandoning module WmfMediaFactory (592)
[2019.07.17-03.01.56:642][683]LogModuleManager: Shutting down and abandoning module WmfMediaEditor (590)
[2019.07.17-03.01.56:642][683]LogModuleManager: Shutting down and abandoning module WebMMediaFactory (588)
[2019.07.17-03.01.56:642][683]LogModuleManager: Shutting down and abandoning module WebMMediaEditor (586)
[2019.07.17-03.01.56:642][683]LogModuleManager: Shutting down and abandoning module WebMMedia (584)
[2019.07.17-03.01.56:642][683]LogModuleManager: Shutting down and abandoning module MediaPlayerEditor (582)
[2019.07.17-03.01.56:642][683]LogModuleManager: Shutting down and abandoning module MediaCompositingEditor (580)
[2019.07.17-03.01.56:642][683]LogModuleManager: Shutting down and abandoning module SequenceRecorder (579)
[2019.07.17-03.01.56:642][683]LogModuleManager: Shutting down and abandoning module OpenExrWrapper (576)
[2019.07.17-03.01.56:642][683]LogModuleManager: Shutting down and abandoning module ImgMediaFactory (574)
[2019.07.17-03.01.56:642][683]LogModuleManager: Shutting down and abandoning module ImgMediaEditor (572)
[2019.07.17-03.01.56:642][683]LogModuleManager: Shutting down and abandoning module AvfMediaFactory (570)
[2019.07.17-03.01.56:642][683]LogModuleManager: Shutting down and abandoning module AvfMediaEditor (568)
[2019.07.17-03.01.56:642][683]LogModuleManager: Shutting down and abandoning module AndroidMediaFactory (566)
[2019.07.17-03.01.56:642][683]LogModuleManager: Shutting down and abandoning module AndroidMediaEditor (564)
[2019.07.17-03.01.56:642][683]LogModuleManager: Shutting down and abandoning module MagicLeapCameraPreviewFactory (562)
[2019.07.17-03.01.56:642][683]LogModuleManager: Shutting down and abandoning module MagicLeapMediaCodecFactory (560)
[2019.07.17-03.01.56:642][683]LogModuleManager: Shutting down and abandoning module MagicLeapMediaFactory (558)
[2019.07.17-03.01.56:642][683]LogModuleManager: Shutting down and abandoning module MagicLeapMediaEditor (556)
[2019.07.17-03.01.56:642][683]LogModuleManager: Shutting down and abandoning module CharacterAI (554)
[2019.07.17-03.01.56:642][683]LogModuleManager: Shutting down and abandoning module SmartSnapping (552)
[2019.07.17-03.01.56:643][683]LogModuleManager: Shutting down and abandoning module SessionServices (550)
[2019.07.17-03.01.56:643][683]LogModuleManager: Shutting down and abandoning module MeshPaint (548)
[2019.07.17-03.01.56:643][683]LogModuleManager: Shutting down and abandoning module ViewportSnapping (546)
[2019.07.17-03.01.56:643][683]LogModuleManager: Shutting down and abandoning module ViewportInteraction (544)
[2019.07.17-03.01.56:643][683]LogModuleManager: Shutting down and abandoning module ClothPainter (542)
[2019.07.17-03.01.56:643][683]LogModuleManager: Shutting down and abandoning module SkeletalMeshEditor (541)
[2019.07.17-03.01.56:643][683]LogModuleManager: Shutting down and abandoning module LogVisualizer (538)
[2019.07.17-03.01.56:643][683]LogModuleManager: Shutting down and abandoning module IntroTutorials (536)
[2019.07.17-03.01.56:643][683]LogModuleManager: Shutting down and abandoning module GameProjectGeneration (535)
[2019.07.17-03.01.56:643][683]LogModuleManager: Shutting down and abandoning module LuminPlatformEditor (532)
[2019.07.17-03.01.56:643][683]LogModuleManager: Shutting down and abandoning module IOSPlatformEditor (530)
[2019.07.17-03.01.56:643][683]LogModuleManager: Shutting down and abandoning module HTML5PlatformEditor (528)
[2019.07.17-03.01.56:643][683]LogModuleManager: Shutting down and abandoning module AndroidPlatformEditor (526)
[2019.07.17-03.01.56:643][683]LogModuleManager: Shutting down and abandoning module AndroidDeviceDetection (525)
[2019.07.17-03.01.57:413][683]LogModuleManager: Shutting down and abandoning module WindowsPlatformEditor (522)
[2019.07.17-03.01.57:413][683]LogModuleManager: Shutting down and abandoning module LuminRuntimeSettings (520)
[2019.07.17-03.01.57:413][683]LogModuleManager: Shutting down and abandoning module IOSRuntimeSettings (518)
[2019.07.17-03.01.57:413][683]LogModuleManager: Shutting down and abandoning module AndroidRuntimeSettings (516)
[2019.07.17-03.01.57:413][683]LogModuleManager: Shutting down and abandoning module TimeManagementEditor (514)
[2019.07.17-03.01.57:413][683]LogModuleManager: Shutting down and abandoning module InputBindingEditor (512)
[2019.07.17-03.01.57:413][683]LogModuleManager: Shutting down and abandoning module MergeActors (510)
[2019.07.17-03.01.57:413][683]LogModuleManager: Shutting down and abandoning module LocalizationDashboard (508)
[2019.07.17-03.01.57:413][683]LogModuleManager: Shutting down and abandoning module LocalizationService (507)
[2019.07.17-03.01.57:413][683]LogModuleManager: Shutting down and abandoning module HardwareTargeting (504)
[2019.07.17-03.01.57:413][683]LogModuleManager: Shutting down and abandoning module DeviceProfileEditor (502)
[2019.07.17-03.01.57:413][683]LogModuleManager: Shutting down and abandoning module UndoHistory (500)
[2019.07.17-03.01.57:413][683]LogModuleManager: Shutting down and abandoning module XmlParser (498)
[2019.07.17-03.01.57:413][683]LogModuleManager: Shutting down and abandoning module Blutility (496)
[2019.07.17-03.01.57:413][683]LogModuleManager: Shutting down and abandoning module ProjectSettingsViewer (494)
[2019.07.17-03.01.57:413][683]LogModuleManager: Shutting down and abandoning module ProjectTargetPlatformEditor (493)
[2019.07.17-03.01.57:413][683]LogModuleManager: Shutting down and abandoning module EditorSettingsViewer (490)
[2019.07.17-03.01.57:414][683]LogModuleManager: Shutting down and abandoning module SettingsEditor (488)
[2019.07.17-03.01.57:414][683]LogModuleManager: Shutting down and abandoning module ProjectLauncher (486)
[2019.07.17-03.01.57:414][683]LogModuleManager: Shutting down and abandoning module SessionFrontend (484)
[2019.07.17-03.01.57:414][683]LogModuleManager: Shutting down and abandoning module ProfilerClient (482)
[2019.07.17-03.01.57:414][683]LogModuleManager: Shutting down and abandoning module DeviceManager (480)
[2019.07.17-03.01.57:414][683]LogModuleManager: Shutting down and abandoning module TargetDeviceServices (479)
[2019.07.17-03.01.57:469][683]LogModuleManager: Shutting down and abandoning module AutomationController (476)
[2019.07.17-03.01.57:469][683]LogModuleManager: Shutting down and abandoning module AutomationWindow (474)
[2019.07.17-03.01.57:469][683]LogModuleManager: Shutting down and abandoning module Layers (472)
[2019.07.17-03.01.57:469][683]LogModuleManager: Shutting down and abandoning module ComponentVisualizers (470)
[2019.07.17-03.01.57:469][683]LogModuleManager: Shutting down and abandoning module DetailCustomizations (468)
[2019.07.17-03.01.57:469][683]LogModuleManager: Shutting down and abandoning module PackagesDialog (466)
[2019.07.17-03.01.57:469][683]LogModuleManager: Shutting down and abandoning module AnimationBlueprintEditor (464)
[2019.07.17-03.01.57:469][683]LogModuleManager: Shutting down and abandoning module Persona (462)
[2019.07.17-03.01.57:469][683]LogModuleManager: Shutting down and abandoning module AdvancedPreviewScene (461)
[2019.07.17-03.01.57:469][683]LogModuleManager: Shutting down and abandoning module AnimGraph (459)
[2019.07.17-03.01.57:469][683]LogModuleManager: Shutting down and abandoning module Kismet (456)
[2019.07.17-03.01.57:472][683]LogModuleManager: Shutting down and abandoning module GraphEditor (454)
[2019.07.17-03.01.57:472][683]LogModuleManager: Shutting down and abandoning module ClassViewer (452)
[2019.07.17-03.01.57:472][683]LogModuleManager: Shutting down and abandoning module Toolbox (450)
[2019.07.17-03.01.57:472][683]LogModuleManager: Shutting down and abandoning module ModuleUI (448)
[2019.07.17-03.01.57:472][683]LogModuleManager: Shutting down and abandoning module MovieSceneTools (446)
[2019.07.17-03.01.57:472][683]LogModuleManager: Shutting down and abandoning module OutputLog (444)
[2019.07.17-03.01.57:472][683]LogModuleManager: Shutting down and abandoning module GammaUI (442)
[2019.07.17-03.01.57:473][683]LogModuleManager: Shutting down and abandoning module Documentation (440)
[2019.07.17-03.01.57:473][683]LogModuleManager: Shutting down and abandoning module LiveCoding (438)
[2019.07.17-03.01.57:473][683]LogModuleManager: Shutting down and abandoning module LevelSequence (436)
[2019.07.17-03.01.57:473][683]LogModuleManager: Shutting down and abandoning module MovieSceneTracks (434)
[2019.07.17-03.01.57:473][683]LogModuleManager: Shutting down and abandoning module MovieScene (432)
[2019.07.17-03.01.57:473][683]LogModuleManager: Shutting down and abandoning module StreamingPauseRendering (430)
[2019.07.17-03.01.57:473][683]LogModuleManager: Shutting down and abandoning module LauncherPlatform (428)
[2019.07.17-03.01.57:473][683]LogModuleManager: Shutting down and abandoning module AnalyticsET (426)
[2019.07.17-03.01.57:473][683]LogModuleManager: Shutting down and abandoning module PortalServices (424)
[2019.07.17-03.01.57:473][683]LogModuleManager: Shutting down and abandoning module PortalRpc (422)
[2019.07.17-03.01.57:473][683]LogModuleManager: Shutting down and abandoning module MessagingRpc (420)
[2019.07.17-03.01.57:473][683]LogModuleManager: Shutting down and abandoning module AIModule (418)
[2019.07.17-03.01.57:473][683]LogModuleManager: Shutting down and abandoning module GameplayDebugger (417)
[2019.07.17-03.01.57:473][683]LogModuleManager: Shutting down and abandoning module AITestSuite (415)
[2019.07.17-03.01.57:473][683]LogModuleManager: Shutting down and abandoning module NavigationSystem (413)
[2019.07.17-03.01.57:473][683]LogModuleManager: Shutting down and abandoning module DesktopPlatform (410)
[2019.07.17-03.01.57:473][683]LogModuleManager: Shutting down and abandoning module ImageWriteQueue (408)
[2019.07.17-03.01.57:476][683]LogModuleManager: Shutting down and abandoning module ProfilerService (406)
[2019.07.17-03.01.57:679][683]LogModuleManager: Shutting down and abandoning module TaskGraph (404)
[2019.07.17-03.01.57:679][683]LogModuleManager: Shutting down and abandoning module SteamVRController (402)
[2019.07.17-03.01.57:679][683]LogModuleManager: Shutting down and abandoning module ProceduralMeshComponentEditor (400)
[2019.07.17-03.01.57:679][683]LogModuleManager: Shutting down and abandoning module ProceduralMeshComponent (398)
[2019.07.17-03.01.57:679][683]LogModuleManager: Shutting down and abandoning module OculusEditor (396)
[2019.07.17-03.01.57:679][683]LogModuleManager: Shutting down and abandoning module OculusInput (394)
[2019.07.17-03.01.57:679][683]LogModuleManager: Shutting down and abandoning module MobilePatchingUtils (392)
[2019.07.17-03.01.57:679][683]LogModuleManager: Shutting down and abandoning module EditableMesh (390)
[2019.07.17-03.01.57:679][683]LogModuleManager: Shutting down and abandoning module CustomMeshComponent (388)
[2019.07.17-03.01.57:679][683]LogModuleManager: Shutting down and abandoning module CableComponent (386)
[2019.07.17-03.01.57:679][683]LogModuleManager: Shutting down and abandoning module AudioCapture (384)
[2019.07.17-03.01.57:679][683]LogModuleManager: Shutting down and abandoning module ArchVisCharacter (382)
[2019.07.17-03.01.57:679][683]LogModuleManager: Shutting down and abandoning module AndroidPermission (380)
[2019.07.17-03.01.57:680][683]LogModuleManager: Shutting down and abandoning module NUTUnrealEngine4 (378)
[2019.07.17-03.01.57:680][683]LogModuleManager: Shutting down and abandoning module NetcodeUnitTest (376)
[2019.07.17-03.01.57:680][683]LogModuleManager: Shutting down and abandoning module MediaCompositing (374)
[2019.07.17-03.01.57:680][683]LogModuleManager: Shutting down and abandoning module LinearTimecode (372)
[2019.07.17-03.01.57:680][683]LogModuleManager: Shutting down and abandoning module ImgMedia (370)
[2019.07.17-03.01.57:680][683]LogModuleManager: Shutting down and abandoning module MagicLeapHelperVulkan (368)
[2019.07.17-03.01.57:680][683]LogModuleManager: Shutting down and abandoning module MagicLeapHelperOpenGL (366)
[2019.07.17-03.01.57:680][683]LogModuleManager: Shutting down and abandoning module MagicLeapAudio (364)
[2019.07.17-03.01.57:680][683]LogModuleManager: Shutting down and abandoning module HTML5Networking (362)
[2019.07.17-03.01.57:680][683]LogModuleManager: Shutting down and abandoning module GeometryCacheTracks (360)
[2019.07.17-03.01.57:680][683]LogModuleManager: Shutting down and abandoning module GeometryCacheSequencer (358)
[2019.07.17-03.01.57:680][683]LogModuleManager: Shutting down and abandoning module BackChannel (356)
[2019.07.17-03.01.57:680][683]LogModuleManager: Shutting down and abandoning module AppleVision (354)
[2019.07.17-03.01.57:680][683]LogModuleManager: Shutting down and abandoning module AppleImageUtilsBlueprintSupport (352)
[2019.07.17-03.01.57:680][683]LogModuleManager: Shutting down and abandoning module AppleImageUtils (350)
[2019.07.17-03.01.57:680][683]LogModuleManager: Shutting down and abandoning module AlembicImporter (348)
[2019.07.17-03.01.57:680][683]LogModuleManager: Shutting down and abandoning module AlembicLibrary (347)
[2019.07.17-03.01.57:680][683]LogModuleManager: Shutting down and abandoning module GeometryCache (346)
[2019.07.17-03.01.57:680][683]LogModuleManager: Shutting down and abandoning module GeometryCacheEd (345)
[2019.07.17-03.01.57:680][683]LogModuleManager: Shutting down and abandoning module VariantManagerContent (340)
[2019.07.17-03.01.57:680][683]LogModuleManager: Shutting down and abandoning module DatasmithContentEditor (338)
[2019.07.17-03.01.57:680][683]LogModuleManager: Shutting down and abandoning module SpeedTreeImporter (336)
[2019.07.17-03.01.57:680][683]LogModuleManager: Shutting down and abandoning module PluginBrowser (334)
[2019.07.17-03.01.57:680][683]LogModuleManager: Shutting down and abandoning module MobileLauncherProfileWizard (332)
[2019.07.17-03.01.57:680][683]LogModuleManager: Shutting down and abandoning module MaterialAnalyzer (330)
[2019.07.17-03.01.57:680][683]LogModuleManager: Shutting down and abandoning module CryptoKeysOpenSSL (328)
[2019.07.17-03.01.57:680][683]LogModuleManager: Shutting down and abandoning module CryptoKeys (326)
[2019.07.17-03.01.57:680][683]LogModuleManager: Shutting down and abandoning module VisualStudioSourceCodeAccess (324)
[2019.07.17-03.01.57:680][683]LogModuleManager: Shutting down and abandoning module VisualStudioCodeSourceCodeAccess (322)
[2019.07.17-03.01.57:680][683]LogModuleManager: Shutting down and abandoning module UObjectPlugin (320)
[2019.07.17-03.01.57:680][683]LogModuleManager: Shutting down and abandoning module SubversionSourceControl (318)
[2019.07.17-03.01.57:680][683]LogModuleManager: Shutting down and abandoning module PerforceSourceControl (316)
[2019.07.17-03.01.57:680][683]LogModuleManager: Shutting down and abandoning module GitSourceControl (314)
[2019.07.17-03.01.57:680][683]LogModuleManager: Shutting down and abandoning module SourceControl (313)
[2019.07.17-03.01.57:680][683]LogModuleManager: Shutting down and abandoning module CLionSourceCodeAccess (310)
[2019.07.17-03.01.57:680][683]LogModuleManager: Shutting down and abandoning module AnimationSharingEd (308)
[2019.07.17-03.01.57:680][683]LogModuleManager: Shutting down and abandoning module ActorLayerUtilitiesEditor (306)
[2019.07.17-03.01.57:680][683]LogModuleManager: Shutting down and abandoning module ActorLayerUtilities (304)
[2019.07.17-03.01.57:680][683]LogModuleManager: Shutting down and abandoning module LightPropagationVolumeEditor (302)
[2019.07.17-03.01.57:680][683]LogModuleManager: Shutting down and abandoning module PaperTiledImporter (300)
[2019.07.17-03.01.57:680][683]LogModuleManager: Shutting down and abandoning module PaperSpriteSheetImporter (298)
[2019.07.17-03.01.57:680][683]LogModuleManager: Shutting down and abandoning module Paper2DEditor (296)
[2019.07.17-03.01.57:680][683]LogModuleManager: Shutting down and abandoning module SignificanceManager (294)
[2019.07.17-03.01.57:680][683]LogModuleManager: Shutting down and abandoning module RuntimePhysXCooking (292)
[2019.07.17-03.01.57:680][683]LogModuleManager: Shutting down and abandoning module PhysXVehiclesEditor (290)
[2019.07.17-03.01.57:680][683]LogModuleManager: Shutting down and abandoning module PhysXVehicles (288)
[2019.07.17-03.01.57:680][683]LogModuleManager: Shutting down and abandoning module LocationServicesBPLibrary (286)
[2019.07.17-03.01.57:680][683]LogModuleManager: Shutting down and abandoning module ActorSequence (284)
[2019.07.17-03.01.57:680][683]LogModuleManager: Shutting down and abandoning module UdpMessaging (282)
[2019.07.17-03.01.57:782][683]LogModuleManager: Shutting down and abandoning module TcpMessaging (280)
[2019.07.17-03.01.57:883][683]LogModuleManager: Shutting down and abandoning module MagicLeapIdentity (278)
[2019.07.17-03.01.57:883][683]LogModuleManager: Shutting down and abandoning module MagicLeapSecureStorage (276)
[2019.07.17-03.01.57:883][683]LogModuleManager: Shutting down and abandoning module MagicLeapHandTracking (274)
[2019.07.17-03.01.57:883][683]LogModuleManager: Shutting down and abandoning module MagicLeapEyeTracker (272)
[2019.07.17-03.01.57:883][683]LogModuleManager: Shutting down and abandoning module MagicLeapController (270)
[2019.07.17-03.01.57:883][683]LogSlate: Slate User Destroyed.  User Index 0, Is Virtual User: 0
[2019.07.17-03.01.57:883][683]LogModuleManager: Shutting down and abandoning module MagicLeapAR (268)
[2019.07.17-03.01.57:883][683]LogModuleManager: Shutting down and abandoning module AugmentedReality (267)
[2019.07.17-03.01.57:883][683]LogModuleManager: Shutting down and abandoning module GameplayTagsEditor (264)
[2019.07.17-03.01.57:883][683]LogModuleManager: Shutting down and abandoning module FacialAnimationEditor (262)
[2019.07.17-03.01.57:883][683]LogModuleManager: Shutting down and abandoning module FacialAnimation (260)
[2019.07.17-03.01.57:883][683]LogModuleManager: Shutting down and abandoning module DataValidation (258)
[2019.07.17-03.01.57:883][683]LogModuleManager: Shutting down and abandoning module AssetManagerEditor (256)
[2019.07.17-03.01.57:883][683]LogModuleManager: Shutting down and abandoning module LevelEditor (255)
[2019.07.17-03.01.57:884][683]LogModuleManager: Shutting down and abandoning module PixelInspectorModule (254)
[2019.07.17-03.01.57:884][683]LogModuleManager: Shutting down and abandoning module CommonMenuExtensions (252)
[2019.07.17-03.01.57:884][683]LogModuleManager: Shutting down and abandoning module MainFrame (250)
[2019.07.17-03.01.57:884][683]LogModuleManager: Shutting down and abandoning module HotReload (249)
[2019.07.17-03.01.57:884][683]LogModuleManager: Shutting down and abandoning module ContentBrowser (245)
[2019.07.17-03.01.57:885][683]LogModuleManager: Shutting down and abandoning module TreeMap (243)
[2019.07.17-03.01.57:885][683]LogModuleManager: Shutting down and abandoning module AnimationSharing (240)
[2019.07.17-03.01.57:885][683]LogModuleManager: Shutting down and abandoning module LightPropagationVolumeRuntime (238)
[2019.07.17-03.01.57:885][683]LogModuleManager: Shutting down and abandoning module AISupportModule (236)
[2019.07.17-03.01.57:885][683]LogModuleManager: Shutting down and abandoning module Paper2D (234)
[2019.07.17-03.01.57:885][683]LogModuleManager: Shutting down and abandoning module WindowsMoviePlayer (232)
[2019.07.17-03.01.57:886][683]LogModuleManager: Shutting down and abandoning module WebMMoviePlayer (230)
[2019.07.17-03.01.57:886][683]LogModuleManager: Shutting down and abandoning module PacketHandler (228)
[2019.07.17-03.01.57:886][683]LogModuleManager: Shutting down and abandoning module ClothingSystemEditor (226)
[2019.07.17-03.01.57:886][683]LogModuleManager: Shutting down and abandoning module ClothingSystemRuntime (224)
[2019.07.17-03.01.57:886][683]LogModuleManager: Shutting down and abandoning module MediaAssets (222)
[2019.07.17-03.01.57:886][683]LogModuleManager: Shutting down and abandoning module Overlay (220)
[2019.07.17-03.01.57:886][683]LogModuleManager: Shutting down and abandoning module OverlayEditor (219)
[2019.07.17-03.01.57:886][683]LogModuleManager: Shutting down and abandoning module VREditor (216)
[2019.07.17-03.01.57:886][683]LogModuleManager: Shutting down and abandoning module StringTableEditor (214)
[2019.07.17-03.01.57:886][683]LogModuleManager: Shutting down and abandoning module GameplayTasksEditor (212)
[2019.07.17-03.01.57:886][683]LogModuleManager: Shutting down and abandoning module BehaviorTreeEditor (210)
[2019.07.17-03.01.57:886][683]LogModuleManager: Shutting down and abandoning module FunctionalTesting (208)
[2019.07.17-03.01.57:886][683]LogModuleManager: Shutting down and abandoning module CollisionAnalyzer (206)
[2019.07.17-03.01.57:886][683]LogModuleManager: Shutting down and abandoning module WorkspaceMenuStructure (205)
[2019.07.17-03.01.57:886][683]LogModuleManager: Shutting down and abandoning module UMG (202)
[2019.07.17-03.01.57:886][683]LogModuleManager: Shutting down and abandoning module UMGEditor (201)
[2019.07.17-03.01.57:886][683]LogModuleManager: Shutting down and abandoning module Sequencer (200)
[2019.07.17-03.01.57:886][683]LogModuleManager: Shutting down and abandoning module MessageLog (197)
[2019.07.17-03.01.57:886][683]LogModuleManager: Shutting down and abandoning module SlateReflector (192)
[2019.07.17-03.01.57:886][683]LogModuleManager: Shutting down and abandoning module Slate (190)
[2019.07.17-03.01.57:886][683]LogModuleManager: Shutting down and abandoning module EditorStyle (188)
[2019.07.17-03.01.57:888][683]LogModuleManager: Shutting down and abandoning module UnrealEd (186)
[2019.07.17-03.01.57:888][683]LogModuleManager: Shutting down and abandoning module MRMesh (184)
[2019.07.17-03.01.57:888][683]LogModuleManager: Shutting down and abandoning module SourceCodeAccess (182)
[2019.07.17-03.01.57:888][683]LogModuleManager: Shutting down and abandoning module HeadMountedDisplay (180)
[2019.07.17-03.01.57:888][683]LogModuleManager: Shutting down and abandoning module XAudio2 (178)
[2019.07.17-03.01.57:888][683]LogModuleManager: Shutting down and abandoning module Networking (176)
[2019.07.17-03.01.57:888][683]LogModuleManager: Shutting down and abandoning module Core (174)
[2019.07.17-03.01.57:888][683]LogModuleManager: Shutting down and abandoning module KismetCompiler (172)
[2019.07.17-03.01.57:888][683]LogModuleManager: Shutting down and abandoning module MeshUtilities (170)
[2019.07.17-03.01.57:888][683]LogModuleManager: Shutting down and abandoning module MeshMergeUtilities (169)
[2019.07.17-03.01.57:888][683]LogModuleManager: Shutting down and abandoning module MeshReductionInterface (168)
[2019.07.17-03.01.57:888][683]LogModuleManager: Shutting down and abandoning module SkeletalMeshReduction (167)
[2019.07.17-03.01.57:888][683]LogModuleManager: Shutting down and abandoning module ProxyLODMeshReduction (165)
[2019.07.17-03.01.57:888][683]LogModuleManager: Shutting down and abandoning module QuadricMeshReduction (163)
[2019.07.17-03.01.57:888][683]LogModuleManager: Shutting down and abandoning module MaterialBaking (159)
[2019.07.17-03.01.57:888][683]LogModuleManager: Shutting down and abandoning module DerivedDataCache (154)
[2019.07.17-03.01.58:021][683]LogDerivedDataCache: Shutdown
[2019.07.17-03.01.58:021][683]LogModuleManager: Shutting down and abandoning module XGEController (152)
[2019.07.17-03.01.58:021][683]LogModuleManager: Shutting down and abandoning module TargetPlatform (150)
[2019.07.17-03.01.58:021][683]LogModuleManager: Shutting down and abandoning module VulkanShaderFormat (149)
[2019.07.17-03.01.58:021][683]LogModuleManager: Shutting down and abandoning module ShaderFormatVectorVM (147)
[2019.07.17-03.01.58:021][683]LogModuleManager: Shutting down and abandoning module ShaderFormatOpenGL (145)
[2019.07.17-03.01.58:021][683]LogModuleManager: Shutting down and abandoning module ShaderFormatD3D (143)
[2019.07.17-03.01.58:021][683]LogModuleManager: Shutting down and abandoning module MetalShaderFormat (141)
[2019.07.17-03.01.58:021][683]LogModuleManager: Shutting down and abandoning module TextureFormatUncompressed (139)
[2019.07.17-03.01.58:021][683]LogModuleManager: Shutting down and abandoning module TextureFormatPVR (137)
[2019.07.17-03.01.58:021][683]LogModuleManager: Shutting down and abandoning module TextureFormatDXT (135)
[2019.07.17-03.01.58:022][683]LogModuleManager: Shutting down and abandoning module TextureFormatIntelISPCTexComp (133)
[2019.07.17-03.01.58:022][683]LogModuleManager: Shutting down and abandoning module TextureFormatASTC (131)
[2019.07.17-03.01.58:022][683]LogModuleManager: Shutting down and abandoning module ImageWrapper (130)
[2019.07.17-03.01.58:022][683]LogModuleManager: Shutting down and abandoning module TextureFormatAndroid (127)
[2019.07.17-03.01.58:022][683]LogModuleManager: Shutting down and abandoning module AudioFormatOpus (125)
[2019.07.17-03.01.58:022][683]LogModuleManager: Shutting down and abandoning module AudioFormatOgg (123)
[2019.07.17-03.01.58:022][683]LogModuleManager: Shutting down and abandoning module AudioFormatADPCM (121)
[2019.07.17-03.01.58:022][683]LogModuleManager: Shutting down and abandoning module LuminTargetPlatform (119)
[2019.07.17-03.01.58:022][683]LogModuleManager: Shutting down and abandoning module LinuxTargetPlatform (117)
[2019.07.17-03.01.58:022][683]LogModuleManager: Shutting down and abandoning module LinuxServerTargetPlatform (115)
[2019.07.17-03.01.58:022][683]LogModuleManager: Shutting down and abandoning module LinuxNoEditorTargetPlatform (113)
[2019.07.17-03.01.58:022][683]LogModuleManager: Shutting down and abandoning module LinuxClientTargetPlatform (111)
[2019.07.17-03.01.58:022][683]LogModuleManager: Shutting down and abandoning module TVOSTargetPlatform (109)
[2019.07.17-03.01.58:023][683]LogModuleManager: Shutting down and abandoning module Messaging (107)
[2019.07.17-03.01.58:023][683]LogModuleManager: Shutting down and abandoning module IOSTargetPlatform (105)
[2019.07.17-03.01.58:023][683]LogModuleManager: Shutting down and abandoning module HTML5TargetPlatform (103)
[2019.07.17-03.01.58:023][683]LogModuleManager: Shutting down and abandoning module AndroidTargetPlatform (101)
[2019.07.17-03.01.58:027][683]LogModuleManager: Shutting down and abandoning module WindowsTargetPlatform (99)
[2019.07.17-03.01.58:027][683]LogModuleManager: Shutting down and abandoning module WindowsServerTargetPlatform (97)
[2019.07.17-03.01.58:027][683]LogModuleManager: Shutting down and abandoning module WindowsNoEditorTargetPlatform (95)
[2019.07.17-03.01.58:027][683]LogModuleManager: Shutting down and abandoning module WindowsClientTargetPlatform (93)
[2019.07.17-03.01.58:027][683]LogModuleManager: Shutting down and abandoning module MacTargetPlatform (91)
[2019.07.17-03.01.58:027][683]LogModuleManager: Shutting down and abandoning module MacServerTargetPlatform (89)
[2019.07.17-03.01.58:027][683]LogModuleManager: Shutting down and abandoning module MacNoEditorTargetPlatform (87)
[2019.07.17-03.01.58:027][683]LogModuleManager: Shutting down and abandoning module MacClientTargetPlatform (85)
[2019.07.17-03.01.58:027][683]LogModuleManager: Shutting down and abandoning module AllDesktopTargetPlatform (83)
[2019.07.17-03.01.58:027][683]LogModuleManager: Shutting down and abandoning module InputCore (80)
[2019.07.17-03.01.58:027][683]LogModuleManager: Shutting down and abandoning module Settings (78)
[2019.07.17-03.01.58:027][683]LogModuleManager: Shutting down and abandoning module DirectoryWatcher (76)
[2019.07.17-03.01.58:027][683]LogModuleManager: Shutting down and abandoning module PhysXCooking (74)
[2019.07.17-03.01.58:027][683]LogModuleManager: Shutting down and abandoning module SteamVR (72)
[2019.07.17-03.01.58:027][683]LogHMD: Freeing OpenVRDLLHandle.
[2019.07.17-03.01.58:027][683]LogModuleManager: Shutting down and abandoning module OculusHMD (70)
[2019.07.17-03.01.58:027][683]LogModuleManager: Shutting down and abandoning module ExampleDeviceProfileSelector (68)
[2019.07.17-03.01.58:027][683]LogModuleManager: Shutting down and abandoning module LauncherChunkInstaller (66)
[2019.07.17-03.01.58:027][683]LogModuleManager: Shutting down and abandoning module OnlineBlueprintSupport (64)
[2019.07.17-03.01.58:027][683]LogModuleManager: Shutting down and abandoning module OnlineSubsystem (60)
[2019.07.17-03.01.58:028][683]LogModuleManager: Shutting down and abandoning module XMPP (55)
[2019.07.17-03.01.58:028][683]LogModuleManager: Shutting down and abandoning module WebSockets (54)
[2019.07.17-03.01.58:051][683]LogModuleManager: Shutting down and abandoning module HTTP (51)
[2019.07.17-03.01.58:051][683]LogHttp: Display: Http module shutting down, but needs to wait on 1 outstanding Http requests:
[2019.07.17-03.01.58:051][683]LogHttp: Display: 	verb=[POST] url=[https://datarouter.ol.epicgames.com/datarouter/api/v1/public/data?SessionID=%7B458F41DC-4C95-9F9A-6519-D58B6C2E2E80%7D&AppID=UEEditor.Rocket.Release&AppVersion=4.22.3-7053642%2B%2B%2BUE4%2BRelease-4.22&UserID=7c6be3db49fb4a36b22e42becf5f4712%7C541cb503a889454c8792fc5a65bcee06%7Cf49fb26b-65f9-490a-b9ed-76c9e3777fdf&AppEnvironment=datacollector-binary&UploadType=eteventstream] status=Processing
[2019.07.17-03.01.58:081][683]LogModuleManager: Shutting down and abandoning module SSL (50)
[2019.07.17-03.01.58:082][683]LogModuleManager: Shutting down and abandoning module WmfMedia (46)
[2019.07.17-03.01.58:083][683]LogModuleManager: Shutting down and abandoning module Media (45)
[2019.07.17-03.01.58:089][683]LogModuleManager: Shutting down and abandoning module MagicLeap (42)
[2019.07.17-03.01.58:089][683]LogModuleManager: Shutting down and abandoning module DatasmithContent (40)
[2019.07.17-03.01.58:089][683]LogModuleManager: Shutting down and abandoning module AnimationModifiers (38)
[2019.07.17-03.01.58:089][683]LogModuleManager: Shutting down and abandoning module PropertyEditor (37)
[2019.07.17-03.01.58:090][683]LogModuleManager: Shutting down and abandoning module AudioEditor (34)
[2019.07.17-03.01.58:090][683]LogModuleManager: Shutting down and abandoning module TextureCompressor (32)
[2019.07.17-03.01.58:090][683]LogModuleManager: Shutting down and abandoning module RenderCore (30)
[2019.07.17-03.01.58:090][683]LogModuleManager: Shutting down and abandoning module Landscape (28)
[2019.07.17-03.01.58:090][683]LogModuleManager: Shutting down and abandoning module SlateRHIRenderer (26)
[2019.07.17-03.01.58:090][683]LogModuleManager: Shutting down and abandoning module OpenGLDrv (24)
[2019.07.17-03.01.58:090][683]LogModuleManager: Shutting down and abandoning module D3D11RHI (22)
[2019.07.17-03.01.58:090][683]LogModuleManager: Shutting down and abandoning module AnimGraphRuntime (20)
[2019.07.17-03.01.58:090][683]LogModuleManager: Shutting down and abandoning module Renderer (18)
[2019.07.17-03.01.58:090][683]LogModuleManager: Shutting down and abandoning module Engine (16)
[2019.07.17-03.01.58:090][683]LogModuleManager: Shutting down and abandoning module CoreUObject (14)
[2019.07.17-03.01.58:090][683]LogModuleManager: Shutting down and abandoning module NetworkFile (12)
[2019.07.17-03.01.58:090][683]LogModuleManager: Shutting down and abandoning module CookedIterativeFile (10)
[2019.07.17-03.01.58:090][683]LogModuleManager: Shutting down and abandoning module StreamingFile (8)
[2019.07.17-03.01.58:090][683]LogModuleManager: Shutting down and abandoning module SandboxFile (6)
[2019.07.17-03.01.58:090][683]LogModuleManager: Shutting down and abandoning module PakFile (4)
[2019.07.17-03.01.58:090][683]LogModuleManager: Shutting down and abandoning module RSA (3)
[2019.07.17-03.01.58:098][683]LogExit: Exiting.
[2019.07.17-03.01.58:107][683]Log file closed, 07/17/19 11:01:58
